19:06:39 **** Incremental Build of configuration Default for project ESP8266_temp_and_humidity ****
python C:/Users/USER/ESP8266/ESP8266_RTOS_SDK_v3.1/tools/windows/eclipse_make.py flash 
Running make in 'Z:/USER/workspace/ESP8266_temp_and_humidity'
including C:/Users/USER/ESP8266/ESP8266_RTOS_SDK_v3.1/components/app_update/Makefile.projbuild...
including C:/Users/USER/ESP8266/ESP8266_RTOS_SDK_v3.1/components/bootloader/Makefile.projbuild...
including C:/Users/USER/ESP8266/ESP8266_RTOS_SDK_v3.1/components/bootloader_support/Makefile.projbuild...
including C:/Users/USER/ESP8266/ESP8266_RTOS_SDK_v3.1/components/coap/Makefile.projbuild...
including C:/Users/USER/ESP8266/ESP8266_RTOS_SDK_v3.1/components/esp8266/Makefile.projbuild...
including C:/Users/USER/ESP8266/ESP8266_RTOS_SDK_v3.1/components/esptool_py/Makefile.projbuild...
including C:/Users/USER/ESP8266/ESP8266_RTOS_SDK_v3.1/components/mqtt/Makefile.projbuild...
including C:/Users/USER/ESP8266/ESP8266_RTOS_SDK_v3.1/components/newlib/Makefile.projbuild...
including C:/Users/USER/ESP8266/ESP8266_RTOS_SDK_v3.1/components/partition_table/Makefile.projbuild...
including C:/Users/USER/ESP8266/ESP8266_RTOS_SDK_v3.1/components/ssl/Makefile.projbuild...
PROJECT_PATH= COMPONENT_DIRS= make -C C:/Users/USER/ESP8266/ESP8266_RTOS_SDK_v3.1/components/bootloader/subproject V=1 BUILD_DIR_BASE=Z:/USER/workspace/ESP8266_temp_and_humidity/build/bootloader TEST_COMPONENTS= TESTS_ALL= Z:/USER/workspace/ESP8266_temp_and_humidity/build/bootloader/bootloader.bin
make[1]: Entering directory 'C:/Users/USER/ESP8266/ESP8266_RTOS_SDK_v3.1/components/bootloader/subproject'
including C:/Users/USER/ESP8266/ESP8266_RTOS_SDK_v3.1/components/esptool_py/Makefile.projbuild...
including C:/Users/USER/ESP8266/ESP8266_RTOS_SDK_v3.1/components/bootloader_support/Makefile.projbuild...
including C:/Users/USER/ESP8266/ESP8266_RTOS_SDK_v3.1/components/esp8266/Makefile.projbuild...
make -C Z:/USER/workspace/ESP8266_temp_and_humidity/build/bootloader/main -f C:/Users/USER/ESP8266/ESP8266_RTOS_SDK_v3.1/make/component_wrapper.mk COMPONENT_MAKEFILE=C:/Users/USER/ESP8266/ESP8266_RTOS_SDK_v3.1/components/bootloader/subproject/main/component.mk COMPONENT_NAME=main build
make[2]: Entering directory 'Z:/USER/workspace/ESP8266_temp_and_humidity/build/bootloader/main'
make[2]: Nothing to be done for 'build'.
make[2]: Leaving directory 'Z:/USER/workspace/ESP8266_temp_and_humidity/build/bootloader/main'
Target 'component-main-build' responsible for 'Z:/USER/workspace/ESP8266_temp_and_humidity/build/bootloader/main/libmain.a'
make -C Z:/USER/workspace/ESP8266_temp_and_humidity/build/bootloader/bootloader_support -f C:/Users/USER/ESP8266/ESP8266_RTOS_SDK_v3.1/make/component_wrapper.mk COMPONENT_MAKEFILE=C:/Users/USER/ESP8266/ESP8266_RTOS_SDK_v3.1/components/bootloader_support/component.mk COMPONENT_NAME=bootloader_support build
make[2]: Entering directory 'Z:/USER/workspace/ESP8266_temp_and_humidity/build/bootloader/bootloader_support'
make[2]: Nothing to be done for 'build'.
make[2]: Leaving directory 'Z:/USER/workspace/ESP8266_temp_and_humidity/build/bootloader/bootloader_support'
Target 'component-bootloader_support-build' responsible for 'Z:/USER/workspace/ESP8266_temp_and_humidity/build/bootloader/bootloader_support/libbootloader_support.a'
make -C Z:/USER/workspace/ESP8266_temp_and_humidity/build/bootloader/spi_flash -f C:/Users/USER/ESP8266/ESP8266_RTOS_SDK_v3.1/make/component_wrapper.mk COMPONENT_MAKEFILE=C:/Users/USER/ESP8266/ESP8266_RTOS_SDK_v3.1/components/spi_flash/component.mk COMPONENT_NAME=spi_flash build
make[2]: Entering directory 'Z:/USER/workspace/ESP8266_temp_and_humidity/build/bootloader/spi_flash'
make[2]: Nothing to be done for 'build'.
make[2]: Leaving directory 'Z:/USER/workspace/ESP8266_temp_and_humidity/build/bootloader/spi_flash'
Target 'component-spi_flash-build' responsible for 'Z:/USER/workspace/ESP8266_temp_and_humidity/build/bootloader/spi_flash/libspi_flash.a'
make -C Z:/USER/workspace/ESP8266_temp_and_humidity/build/bootloader/log -f C:/Users/USER/ESP8266/ESP8266_RTOS_SDK_v3.1/make/component_wrapper.mk COMPONENT_MAKEFILE=C:/Users/USER/ESP8266/ESP8266_RTOS_SDK_v3.1/components/log/component.mk COMPONENT_NAME=log build
make[2]: Entering directory 'Z:/USER/workspace/ESP8266_temp_and_humidity/build/bootloader/log'
make[2]: Nothing to be done for 'build'.
make[2]: Leaving directory 'Z:/USER/workspace/ESP8266_temp_and_humidity/build/bootloader/log'
Target 'component-log-build' responsible for 'Z:/USER/workspace/ESP8266_temp_and_humidity/build/bootloader/log/liblog.a'
make -C Z:/USER/workspace/ESP8266_temp_and_humidity/build/bootloader/esp8266 -f C:/Users/USER/ESP8266/ESP8266_RTOS_SDK_v3.1/make/component_wrapper.mk COMPONENT_MAKEFILE=C:/Users/USER/ESP8266/ESP8266_RTOS_SDK_v3.1/components/esp8266/component.mk COMPONENT_NAME=esp8266 build
make[2]: Entering directory 'Z:/USER/workspace/ESP8266_temp_and_humidity/build/bootloader/esp8266'
make[2]: Nothing to be done for 'build'.
make[2]: Leaving directory 'Z:/USER/workspace/ESP8266_temp_and_humidity/build/bootloader/esp8266'
Target 'component-esp8266-build' responsible for 'Z:/USER/workspace/ESP8266_temp_and_humidity/build/bootloader/esp8266/libesp8266.a'
make -C Z:/USER/workspace/ESP8266_temp_and_humidity/build/bootloader/util -f C:/Users/USER/ESP8266/ESP8266_RTOS_SDK_v3.1/make/component_wrapper.mk COMPONENT_MAKEFILE=C:/Users/USER/ESP8266/ESP8266_RTOS_SDK_v3.1/components/util/component.mk COMPONENT_NAME=util build
make[2]: Entering directory 'Z:/USER/workspace/ESP8266_temp_and_humidity/build/bootloader/util'
make[2]: Nothing to be done for 'build'.
make[2]: Leaving directory 'Z:/USER/workspace/ESP8266_temp_and_humidity/build/bootloader/util'
Target 'component-util-build' responsible for 'Z:/USER/workspace/ESP8266_temp_and_humidity/build/bootloader/util/libutil.a'
make[1]: Leaving directory 'C:/Users/USER/ESP8266/ESP8266_RTOS_SDK_v3.1/components/bootloader/subproject'
make -C Z:/USER/workspace/ESP8266_temp_and_humidity/build/app_update -f C:/Users/USER/ESP8266/ESP8266_RTOS_SDK_v3.1/make/component_wrapper.mk COMPONENT_MAKEFILE=C:/Users/USER/ESP8266/ESP8266_RTOS_SDK_v3.1/components/app_update/component.mk COMPONENT_NAME=app_update build
make[1]: Entering directory 'Z:/USER/workspace/ESP8266_temp_and_humidity/build/app_update'
make[1]: Nothing to be done for 'build'.
make[1]: Leaving directory 'Z:/USER/workspace/ESP8266_temp_and_humidity/build/app_update'
Target 'component-app_update-build' responsible for 'Z:/USER/workspace/ESP8266_temp_and_humidity/build/app_update/libapp_update.a'
make -C Z:/USER/workspace/ESP8266_temp_and_humidity/build/aws_iot -f C:/Users/USER/ESP8266/ESP8266_RTOS_SDK_v3.1/make/component_wrapper.mk COMPONENT_MAKEFILE=C:/Users/USER/ESP8266/ESP8266_RTOS_SDK_v3.1/components/aws_iot/component.mk COMPONENT_NAME=aws_iot build
make[1]: Entering directory 'Z:/USER/workspace/ESP8266_temp_and_humidity/build/aws_iot'
make[1]: Nothing to be done for 'build'.
make[1]: Leaving directory 'Z:/USER/workspace/ESP8266_temp_and_humidity/build/aws_iot'
Target 'component-aws_iot-build' responsible for 'Z:/USER/workspace/ESP8266_temp_and_humidity/build/aws_iot/libaws_iot.a'
make -C Z:/USER/workspace/ESP8266_temp_and_humidity/build/bootloader_support -f C:/Users/USER/ESP8266/ESP8266_RTOS_SDK_v3.1/make/component_wrapper.mk COMPONENT_MAKEFILE=C:/Users/USER/ESP8266/ESP8266_RTOS_SDK_v3.1/components/bootloader_support/component.mk COMPONENT_NAME=bootloader_support build
make[1]: Entering directory 'Z:/USER/workspace/ESP8266_temp_and_humidity/build/bootloader_support'
make[1]: Nothing to be done for 'build'.
make[1]: Leaving directory 'Z:/USER/workspace/ESP8266_temp_and_humidity/build/bootloader_support'
Target 'component-bootloader_support-build' responsible for 'Z:/USER/workspace/ESP8266_temp_and_humidity/build/bootloader_support/libbootloader_support.a'
make -C Z:/USER/workspace/ESP8266_temp_and_humidity/build/cjson -f C:/Users/USER/ESP8266/ESP8266_RTOS_SDK_v3.1/make/component_wrapper.mk COMPONENT_MAKEFILE=C:/Users/USER/ESP8266/ESP8266_RTOS_SDK_v3.1/components/cjson/component.mk COMPONENT_NAME=cjson build
make[1]: Entering directory 'Z:/USER/workspace/ESP8266_temp_and_humidity/build/cjson'
make[1]: Nothing to be done for 'build'.
make[1]: Leaving directory 'Z:/USER/workspace/ESP8266_temp_and_humidity/build/cjson'
Z:/USER/workspace/ESP8266_temp_and_humidity/components/sht21/sht21.c:3:18: warning: 'i2c_master_sht21_write' defined but not used [-Wunused-function]
 static esp_err_t i2c_master_sht21_write(unsigned char command) {
                  ^
Z:/USER/workspace/ESP8266_temp_and_humidity/components/sht21/sht21.c:17:18: warning: 'i2c_master_sht21_read' defined but not used [-Wunused-function]
 static esp_err_t i2c_master_sht21_read(unsigned char *data, size_t data_len) {
                  ^
Target 'component-cjson-build' responsible for 'Z:/USER/workspace/ESP8266_temp_and_humidity/build/cjson/libcjson.a'
make -C Z:/USER/workspace/ESP8266_temp_and_humidity/build/coap -f C:/Users/USER/ESP8266/ESP8266_RTOS_SDK_v3.1/make/component_wrapper.mk COMPONENT_MAKEFILE=C:/Users/USER/ESP8266/ESP8266_RTOS_SDK_v3.1/components/coap/component.mk COMPONENT_NAME=coap build
make[1]: Entering directory 'Z:/USER/workspace/ESP8266_temp_and_humidity/build/coap'
make[1]: Nothing to be done for 'build'.
make[1]: Leaving directory 'Z:/USER/workspace/ESP8266_temp_and_humidity/build/coap'
Target 'component-coap-build' responsible for 'Z:/USER/workspace/ESP8266_temp_and_humidity/build/coap/libcoap.a'
make -C Z:/USER/workspace/ESP8266_temp_and_humidity/build/components -f C:/Users/USER/ESP8266/ESP8266_RTOS_SDK_v3.1/make/component_wrapper.mk COMPONENT_MAKEFILE=Z:/USER/workspace/ESP8266_temp_and_humidity/components/component.mk COMPONENT_NAME=components build
make[1]: Entering directory 'Z:/USER/workspace/ESP8266_temp_and_humidity/build/components'
xtensa-lx106-elf-gcc -std=gnu99 -Og -ggdb -ffunction-sections -fdata-sections -fstrict-volatile-bitfields -mlongcalls -nostdlib -Wall -Werror=all -Wno-error=unused-function -Wno-error=unused-but-set-variable -Wno-error=unused-variable -Wno-error=deprecated-declarations -Wextra -Wno-unused-parameter -Wno-sign-compare -Wno-old-style-declaration -DCONFIG_ENABLE_BOOT_CHECK_SUM=1 -DCONFIG_ENABLE_BOOT_CHECK_SUM=1 -DICACHE_FLASH -D__ESP_FILE__='"sht21.c"' -D_CLOCKS_PER_SEC_=CONFIG_FREERTOS_HZ -D_POSIX_THREADS=1 -D_UNIX98_THREAD_MUTEX_ATTRIBUTES=1 -DAPP_OFFSET=0x10000  -DAPP_SIZE=0xf0000 -DESP_PLATFORM -D IDF_VER=\"v3.1-45-g217298f4-dirty\" -MMD -MP   -DWITH_POSIX -DMQTT_TASK -DMQTTCLIENT_PLATFORM_HEADER=MQTTFreeRTOS.h -DMBEDTLS_CONFIG_FILE='"mbedtls/esp_config.h"' -DWOLFSSL_USER_SETTINGS -I /z/USER/workspace/ESP8266_temp_and_humidity/components/include -I C:/Users/USER/ESP8266/ESP8266_RTOS_SDK_v3.1/components/app_update/include -I C:/Users/USER/ESP8266/ESP8266_RTOS_SDK_v3.1/components/bootloader_support/include -I /c/Users/USER/ESP8266/ESP8266_RTOS_SDK_v3.1/components/cjson/include -I C:/Users/USER/ESP8266/ESP8266_RTOS_SDK_v3.1/components/cjson/cJSON -I C:/Users/USER/ESP8266/ESP8266_RTOS_SDK_v3.1/components/coap/port/include -I C:/Users/USER/ESP8266/ESP8266_RTOS_SDK_v3.1/components/coap/port/include/coap -I C:/Users/USER/ESP8266/ESP8266_RTOS_SDK_v3.1/components/coap/libcoap/include -I C:/Users/USER/ESP8266/ESP8266_RTOS_SDK_v3.1/components/coap/libcoap/include/coap -I C:/Users/USER/ESP8266/ESP8266_RTOS_SDK_v3.1/components/esp-tls -I C:/Users/USER/ESP8266/ESP8266_RTOS_SDK_v3.1/components/esp8266/include -I C:/Users/USER/ESP8266/ESP8266_RTOS_SDK_v3.1/components/esp8266/include -I C:/Users/USER/ESP8266/ESP8266_RTOS_SDK_v3.1/components/espos/include -I C:/Users/USER/ESP8266/ESP8266_RTOS_SDK_v3.1/components/freertos/include -I C:/Users/USER/ESP8266/ESP8266_RTOS_SDK_v3.1/components/freertos/include -I C:/Users/USER/ESP8266/ESP8266_RTOS_SDK_v3.1/components/freertos/include/freertos -I C:/Users/USER/ESP8266/ESP8266_RTOS_SDK_v3.1/components/freertos/include/freertos/private -I C:/Users/USER/ESP8266/ESP8266_RTOS_SDK_v3.1/components/freertos/port/esp8266/include -I C:/Users/USER/ESP8266/ESP8266_RTOS_SDK_v3.1/components/freertos/port/esp8266/include/freertos -I C:/Users/USER/ESP8266/ESP8266_RTOS_SDK_v3.1/components/heap/include -I C:/Users/USER/ESP8266/ESP8266_RTOS_SDK_v3.1/components/heap/port/esp8266/include -I C:/Users/USER/ESP8266/ESP8266_RTOS_SDK_v3.1/components/jsmn/include -I C:/Users/USER/ESP8266/ESP8266_RTOS_SDK_v3.1/components/libsodium/libsodium/src/libsodium/include -I C:/Users/USER/ESP8266/ESP8266_RTOS_SDK_v3.1/components/libsodium/port_include -I C:/Users/USER/ESP8266/ESP8266_RTOS_SDK_v3.1/components/log/include -I C:/Users/USER/ESP8266/ESP8266_RTOS_SDK_v3.1/components/lwip/include -I C:/Users/USER/ESP8266/ESP8266_RTOS_SDK_v3.1/components/lwip/include/lwip/apps -I C:/Users/USER/ESP8266/ESP8266_RTOS_SDK_v3.1/components/lwip/include/lwip -I C:/Users/USER/ESP8266/ESP8266_RTOS_SDK_v3.1/components/lwip/lwip/src/include -I C:/Users/USER/ESP8266/ESP8266_RTOS_SDK_v3.1/components/lwip/lwip/src/include/posix -I C:/Users/USER/ESP8266/ESP8266_RTOS_SDK_v3.1/components/lwip/port/esp8266/include -I C:/Users/USER/ESP8266/ESP8266_RTOS_SDK_v3.1/components/lwip/port/esp8266/include/port -I Z:/USER/workspace/ESP8266_temp_and_humidity/main/include -I C:/Users/USER/ESP8266/ESP8266_RTOS_SDK_v3.1/components/mdns/include -I /c/Users/USER/ESP8266/ESP8266_RTOS_SDK_v3.1/components/mqtt/include -I C:/Users/USER/ESP8266/ESP8266_RTOS_SDK_v3.1/components/mqtt/paho/MQTTClient-C/src -I C:/Users/USER/ESP8266/ESP8266_RTOS_SDK_v3.1/components/mqtt/paho/MQTTClient-C/src/FreeRTOS -I C:/Users/USER/ESP8266/ESP8266_RTOS_SDK_v3.1/components/mqtt/paho/MQTTPacket/src -I /c/Users/USER/ESP8266/ESP8266_RTOS_SDK_v3.1/components/newlib/include -I C:/Users/USER/ESP8266/ESP8266_RTOS_SDK_v3.1/components/newlib/newlib/include -I C:/Users/USER/ESP8266/ESP8266_RTOS_SDK_v3.1/components/newlib/newlib/port/include -I C:/Users/USER/ESP8266/ESP8266_RTOS_SDK_v3.1/components/nvs_flash/include -I Z:/USER/workspace/ESP8266_temp_and_humidity/components/ota/include -I C:/Users/USER/ESP8266/ESP8266_RTOS_SDK_v3.1/components/pthread/include -I Z:/USER/workspace/ESP8266_temp_and_humidity/components/sht21/include -I C:/Users/USER/ESP8266/ESP8266_RTOS_SDK_v3.1/components/smartconfig_ack/include -I C:/Users/USER/ESP8266/ESP8266_RTOS_SDK_v3.1/components/spi_flash/include -I C:/Users/USER/ESP8266/ESP8266_RTOS_SDK_v3.1/components/spiffs/include -I C:/Users/USER/ESP8266/ESP8266_RTOS_SDK_v3.1/components/spiffs/include/spiffs -I /c/Users/USER/ESP8266/ESP8266_RTOS_SDK_v3.1/components/ssl/include -I C:/Users/USER/ESP8266/ESP8266_RTOS_SDK_v3.1/components/ssl/mbedtls/mbedtls/include -I C:/Users/USER/ESP8266/ESP8266_RTOS_SDK_v3.1/components/ssl/mbedtls/port/esp8266/include -I C:/Users/USER/ESP8266/ESP8266_RTOS_SDK_v3.1/components/ssl/mbedtls/port/openssl/include -I C:/Users/USER/ESP8266/ESP8266_RTOS_SDK_v3.1/components/tcpip_adapter/include -I C:/Users/USER/ESP8266/ESP8266_RTOS_SDK_v3.1/components/tcpip_adapter/include -I C:/Users/USER/ESP8266/ESP8266_RTOS_SDK_v3.1/components/util/include -I C:/Users/USER/ESP8266/ESP8266_RTOS_SDK_v3.1/components/vfs/include -I C:/Users/USER/ESP8266/ESP8266_RTOS_SDK_v3.1/components/wpa_supplicant/include -I C:/Users/USER/ESP8266/ESP8266_RTOS_SDK_v3.1/components/wpa_supplicant/port/include -I Z:/USER/workspace/ESP8266_temp_and_humidity/build/include  -I sht21 -c Z:/USER/workspace/ESP8266_temp_and_humidity/components/sht21/sht21.c -o sht21/sht21.o
echo "Z:/USER/workspace/ESP8266_temp_and_humidity/components/sht21/sht21.c" >> sht21/sht21.d
Z:/USER/workspace/ESP8266_temp_and_humidity/components/ota/ota.c:175:13: warning: 'update_firmware_task' defined but not used [-Wunused-function]
 static void update_firmware_task(void *pvParameter) {
             ^
xtensa-lx106-elf-gcc -std=gnu99 -Og -ggdb -ffunction-sections -fdata-sections -fstrict-volatile-bitfields -mlongcalls -nostdlib -Wall -Werror=all -Wno-error=unused-function -Wno-error=unused-but-set-variable -Wno-error=unused-variable -Wno-error=deprecated-declarations -Wextra -Wno-unused-parameter -Wno-sign-compare -Wno-old-style-declaration -DCONFIG_ENABLE_BOOT_CHECK_SUM=1 -DCONFIG_ENABLE_BOOT_CHECK_SUM=1 -DICACHE_FLASH -D__ESP_FILE__='"ota.c"' -D_CLOCKS_PER_SEC_=CONFIG_FREERTOS_HZ -D_POSIX_THREADS=1 -D_UNIX98_THREAD_MUTEX_ATTRIBUTES=1 -DAPP_OFFSET=0x10000  -DAPP_SIZE=0xf0000 -DESP_PLATFORM -D IDF_VER=\"v3.1-45-g217298f4-dirty\" -MMD -MP   -DWITH_POSIX -DMQTT_TASK -DMQTTCLIENT_PLATFORM_HEADER=MQTTFreeRTOS.h -DMBEDTLS_CONFIG_FILE='"mbedtls/esp_config.h"' -DWOLFSSL_USER_SETTINGS -I /z/USER/workspace/ESP8266_temp_and_humidity/components/include -I C:/Users/USER/ESP8266/ESP8266_RTOS_SDK_v3.1/components/app_update/include -I C:/Users/USER/ESP8266/ESP8266_RTOS_SDK_v3.1/components/bootloader_support/include -I /c/Users/USER/ESP8266/ESP8266_RTOS_SDK_v3.1/components/cjson/include -I C:/Users/USER/ESP8266/ESP8266_RTOS_SDK_v3.1/components/cjson/cJSON -I C:/Users/USER/ESP8266/ESP8266_RTOS_SDK_v3.1/components/coap/port/include -I C:/Users/USER/ESP8266/ESP8266_RTOS_SDK_v3.1/components/coap/port/include/coap -I C:/Users/USER/ESP8266/ESP8266_RTOS_SDK_v3.1/components/coap/libcoap/include -I C:/Users/USER/ESP8266/ESP8266_RTOS_SDK_v3.1/components/coap/libcoap/include/coap -I C:/Users/USER/ESP8266/ESP8266_RTOS_SDK_v3.1/components/esp-tls -I C:/Users/USER/ESP8266/ESP8266_RTOS_SDK_v3.1/components/esp8266/include -I C:/Users/USER/ESP8266/ESP8266_RTOS_SDK_v3.1/components/esp8266/include -I C:/Users/USER/ESP8266/ESP8266_RTOS_SDK_v3.1/components/espos/include -I C:/Users/USER/ESP8266/ESP8266_RTOS_SDK_v3.1/components/freertos/include -I C:/Users/USER/ESP8266/ESP8266_RTOS_SDK_v3.1/components/freertos/include -I C:/Users/USER/ESP8266/ESP8266_RTOS_SDK_v3.1/components/freertos/include/freertos -I C:/Users/USER/ESP8266/ESP8266_RTOS_SDK_v3.1/components/freertos/include/freertos/private -I C:/Users/USER/ESP8266/ESP8266_RTOS_SDK_v3.1/components/freertos/port/esp8266/include -I C:/Users/USER/ESP8266/ESP8266_RTOS_SDK_v3.1/components/freertos/port/esp8266/include/freertos -I C:/Users/USER/ESP8266/ESP8266_RTOS_SDK_v3.1/components/heap/include -I C:/Users/USER/ESP8266/ESP8266_RTOS_SDK_v3.1/components/heap/port/esp8266/include -I C:/Users/USER/ESP8266/ESP8266_RTOS_SDK_v3.1/components/jsmn/include -I C:/Users/USER/ESP8266/ESP8266_RTOS_SDK_v3.1/components/libsodium/libsodium/src/libsodium/include -I C:/Users/USER/ESP8266/ESP8266_RTOS_SDK_v3.1/components/libsodium/port_include -I C:/Users/USER/ESP8266/ESP8266_RTOS_SDK_v3.1/components/log/include -I C:/Users/USER/ESP8266/ESP8266_RTOS_SDK_v3.1/components/lwip/include -I C:/Users/USER/ESP8266/ESP8266_RTOS_SDK_v3.1/components/lwip/include/lwip/apps -I C:/Users/USER/ESP8266/ESP8266_RTOS_SDK_v3.1/components/lwip/include/lwip -I C:/Users/USER/ESP8266/ESP8266_RTOS_SDK_v3.1/components/lwip/lwip/src/include -I C:/Users/USER/ESP8266/ESP8266_RTOS_SDK_v3.1/components/lwip/lwip/src/include/posix -I C:/Users/USER/ESP8266/ESP8266_RTOS_SDK_v3.1/components/lwip/port/esp8266/include -I C:/Users/USER/ESP8266/ESP8266_RTOS_SDK_v3.1/components/lwip/port/esp8266/include/port -I Z:/USER/workspace/ESP8266_temp_and_humidity/main/include -I C:/Users/USER/ESP8266/ESP8266_RTOS_SDK_v3.1/components/mdns/include -I /c/Users/USER/ESP8266/ESP8266_RTOS_SDK_v3.1/components/mqtt/include -I C:/Users/USER/ESP8266/ESP8266_RTOS_SDK_v3.1/components/mqtt/paho/MQTTClient-C/src -I C:/Users/USER/ESP8266/ESP8266_RTOS_SDK_v3.1/components/mqtt/paho/MQTTClient-C/src/FreeRTOS -I C:/Users/USER/ESP8266/ESP8266_RTOS_SDK_v3.1/components/mqtt/paho/MQTTPacket/src -I /c/Users/USER/ESP8266/ESP8266_RTOS_SDK_v3.1/components/newlib/include -I C:/Users/USER/ESP8266/ESP8266_RTOS_SDK_v3.1/components/newlib/newlib/include -I C:/Users/USER/ESP8266/ESP8266_RTOS_SDK_v3.1/components/newlib/newlib/port/include -I C:/Users/USER/ESP8266/ESP8266_RTOS_SDK_v3.1/components/nvs_flash/include -I Z:/USER/workspace/ESP8266_temp_and_humidity/components/ota/include -I C:/Users/USER/ESP8266/ESP8266_RTOS_SDK_v3.1/components/pthread/include -I Z:/USER/workspace/ESP8266_temp_and_humidity/components/sht21/include -I C:/Users/USER/ESP8266/ESP8266_RTOS_SDK_v3.1/components/smartconfig_ack/include -I C:/Users/USER/ESP8266/ESP8266_RTOS_SDK_v3.1/components/spi_flash/include -I C:/Users/USER/ESP8266/ESP8266_RTOS_SDK_v3.1/components/spiffs/include -I C:/Users/USER/ESP8266/ESP8266_RTOS_SDK_v3.1/components/spiffs/include/spiffs -I /c/Users/USER/ESP8266/ESP8266_RTOS_SDK_v3.1/components/ssl/include -I C:/Users/USER/ESP8266/ESP8266_RTOS_SDK_v3.1/components/ssl/mbedtls/mbedtls/include -I C:/Users/USER/ESP8266/ESP8266_RTOS_SDK_v3.1/components/ssl/mbedtls/port/esp8266/include -I C:/Users/USER/ESP8266/ESP8266_RTOS_SDK_v3.1/components/ssl/mbedtls/port/openssl/include -I C:/Users/USER/ESP8266/ESP8266_RTOS_SDK_v3.1/components/tcpip_adapter/include -I C:/Users/USER/ESP8266/ESP8266_RTOS_SDK_v3.1/components/tcpip_adapter/include -I C:/Users/USER/ESP8266/ESP8266_RTOS_SDK_v3.1/components/util/include -I C:/Users/USER/ESP8266/ESP8266_RTOS_SDK_v3.1/components/vfs/include -I C:/Users/USER/ESP8266/ESP8266_RTOS_SDK_v3.1/components/wpa_supplicant/include -I C:/Users/USER/ESP8266/ESP8266_RTOS_SDK_v3.1/components/wpa_supplicant/port/include -I Z:/USER/workspace/ESP8266_temp_and_humidity/build/include  -I ota -c Z:/USER/workspace/ESP8266_temp_and_humidity/components/ota/ota.c -o ota/ota.o
echo "Z:/USER/workspace/ESP8266_temp_and_humidity/components/ota/ota.c" >> ota/ota.d
rm -f libcomponents.a
xtensa-lx106-elf-ar cru libcomponents.a sht21/sht21.o ota/ota.o
make[1]: Leaving directory 'Z:/USER/workspace/ESP8266_temp_and_humidity/build/components'
Target 'component-components-build' responsible for 'Z:/USER/workspace/ESP8266_temp_and_humidity/build/components/libcomponents.a'
make -C Z:/USER/workspace/ESP8266_temp_and_humidity/build/esp-tls -f C:/Users/USER/ESP8266/ESP8266_RTOS_SDK_v3.1/make/component_wrapper.mk COMPONENT_MAKEFILE=C:/Users/USER/ESP8266/ESP8266_RTOS_SDK_v3.1/components/esp-tls/component.mk COMPONENT_NAME=esp-tls build
make[1]: Entering directory 'Z:/USER/workspace/ESP8266_temp_and_humidity/build/esp-tls'
make[1]: Nothing to be done for 'build'.
make[1]: Leaving directory 'Z:/USER/workspace/ESP8266_temp_and_humidity/build/esp-tls'
Target 'component-esp-tls-build' responsible for 'Z:/USER/workspace/ESP8266_temp_and_humidity/build/esp-tls/libesp-tls.a'
make -C Z:/USER/workspace/ESP8266_temp_and_humidity/build/esp8266 -f C:/Users/USER/ESP8266/ESP8266_RTOS_SDK_v3.1/make/component_wrapper.mk COMPONENT_MAKEFILE=C:/Users/USER/ESP8266/ESP8266_RTOS_SDK_v3.1/components/esp8266/component.mk COMPONENT_NAME=esp8266 build
make[1]: Entering directory 'Z:/USER/workspace/ESP8266_temp_and_humidity/build/esp8266'
make[1]: Nothing to be done for 'build'.
make[1]: Leaving directory 'Z:/USER/workspace/ESP8266_temp_and_humidity/build/esp8266'
Target 'component-esp8266-build' responsible for 'Z:/USER/workspace/ESP8266_temp_and_humidity/build/esp8266/libesp8266.a'
make -C Z:/USER/workspace/ESP8266_temp_and_humidity/build/espos -f C:/Users/USER/ESP8266/ESP8266_RTOS_SDK_v3.1/make/component_wrapper.mk COMPONENT_MAKEFILE=C:/Users/USER/ESP8266/ESP8266_RTOS_SDK_v3.1/components/espos/component.mk COMPONENT_NAME=espos build
make[1]: Entering directory 'Z:/USER/workspace/ESP8266_temp_and_humidity/build/espos'
make[1]: Nothing to be done for 'build'.
make[1]: Leaving directory 'Z:/USER/workspace/ESP8266_temp_and_humidity/build/espos'
Target 'component-espos-build' responsible for 'Z:/USER/workspace/ESP8266_temp_and_humidity/build/espos/libespos.a'
make -C Z:/USER/workspace/ESP8266_temp_and_humidity/build/freertos -f C:/Users/USER/ESP8266/ESP8266_RTOS_SDK_v3.1/make/component_wrapper.mk COMPONENT_MAKEFILE=C:/Users/USER/ESP8266/ESP8266_RTOS_SDK_v3.1/components/freertos/component.mk COMPONENT_NAME=freertos build
make[1]: Entering directory 'Z:/USER/workspace/ESP8266_temp_and_humidity/build/freertos'
make[1]: Nothing to be done for 'build'.
make[1]: Leaving directory 'Z:/USER/workspace/ESP8266_temp_and_humidity/build/freertos'
Target 'component-freertos-build' responsible for 'Z:/USER/workspace/ESP8266_temp_and_humidity/build/freertos/libfreertos.a'
make -C Z:/USER/workspace/ESP8266_temp_and_humidity/build/heap -f C:/Users/USER/ESP8266/ESP8266_RTOS_SDK_v3.1/make/component_wrapper.mk COMPONENT_MAKEFILE=C:/Users/USER/ESP8266/ESP8266_RTOS_SDK_v3.1/components/heap/component.mk COMPONENT_NAME=heap build
make[1]: Entering directory 'Z:/USER/workspace/ESP8266_temp_and_humidity/build/heap'
make[1]: Nothing to be done for 'build'.
make[1]: Leaving directory 'Z:/USER/workspace/ESP8266_temp_and_humidity/build/heap'
Target 'component-heap-build' responsible for 'Z:/USER/workspace/ESP8266_temp_and_humidity/build/heap/libheap.a'
make -C Z:/USER/workspace/ESP8266_temp_and_humidity/build/jsmn -f C:/Users/USER/ESP8266/ESP8266_RTOS_SDK_v3.1/make/component_wrapper.mk COMPONENT_MAKEFILE=C:/Users/USER/ESP8266/ESP8266_RTOS_SDK_v3.1/components/jsmn/component.mk COMPONENT_NAME=jsmn build
make[1]: Entering directory 'Z:/USER/workspace/ESP8266_temp_and_humidity/build/jsmn'
make[1]: Nothing to be done for 'build'.
make[1]: Leaving directory 'Z:/USER/workspace/ESP8266_temp_and_humidity/build/jsmn'
Target 'component-jsmn-build' responsible for 'Z:/USER/workspace/ESP8266_temp_and_humidity/build/jsmn/libjsmn.a'
make -C Z:/USER/workspace/ESP8266_temp_and_humidity/build/libsodium -f C:/Users/USER/ESP8266/ESP8266_RTOS_SDK_v3.1/make/component_wrapper.mk COMPONENT_MAKEFILE=C:/Users/USER/ESP8266/ESP8266_RTOS_SDK_v3.1/components/libsodium/component.mk COMPONENT_NAME=libsodium build
make[1]: Entering directory 'Z:/USER/workspace/ESP8266_temp_and_humidity/build/libsodium'
make[1]: Nothing to be done for 'build'.
make[1]: Leaving directory 'Z:/USER/workspace/ESP8266_temp_and_humidity/build/libsodium'
Target 'component-libsodium-build' responsible for 'Z:/USER/workspace/ESP8266_temp_and_humidity/build/libsodium/liblibsodium.a'
make -C Z:/USER/workspace/ESP8266_temp_and_humidity/build/log -f C:/Users/USER/ESP8266/ESP8266_RTOS_SDK_v3.1/make/component_wrapper.mk COMPONENT_MAKEFILE=C:/Users/USER/ESP8266/ESP8266_RTOS_SDK_v3.1/components/log/component.mk COMPONENT_NAME=log build
make[1]: Entering directory 'Z:/USER/workspace/ESP8266_temp_and_humidity/build/log'
make[1]: Nothing to be done for 'build'.
make[1]: Leaving directory 'Z:/USER/workspace/ESP8266_temp_and_humidity/build/log'
Target 'component-log-build' responsible for 'Z:/USER/workspace/ESP8266_temp_and_humidity/build/log/liblog.a'
make -C Z:/USER/workspace/ESP8266_temp_and_humidity/build/lwip -f C:/Users/USER/ESP8266/ESP8266_RTOS_SDK_v3.1/make/component_wrapper.mk COMPONENT_MAKEFILE=C:/Users/USER/ESP8266/ESP8266_RTOS_SDK_v3.1/components/lwip/component.mk COMPONENT_NAME=lwip build
make[1]: Entering directory 'Z:/USER/workspace/ESP8266_temp_and_humidity/build/lwip'
make[1]: Nothing to be done for 'build'.
make[1]: Leaving directory 'Z:/USER/workspace/ESP8266_temp_and_humidity/build/lwip'
Target 'component-lwip-build' responsible for 'Z:/USER/workspace/ESP8266_temp_and_humidity/build/lwip/liblwip.a'
make -C Z:/USER/workspace/ESP8266_temp_and_humidity/build/main -f C:/Users/USER/ESP8266/ESP8266_RTOS_SDK_v3.1/make/component_wrapper.mk COMPONENT_MAKEFILE=Z:/USER/workspace/ESP8266_temp_and_humidity/main/component.mk COMPONENT_NAME=main build
make[1]: Entering directory 'Z:/USER/workspace/ESP8266_temp_and_humidity/build/main'
xtensa-lx106-elf-gcc -std=gnu99 -Og -ggdb -ffunction-sections -fdata-sections -fstrict-volatile-bitfields -mlongcalls -nostdlib -Wall -Werror=all -Wno-error=unused-function -Wno-error=unused-but-set-variable -Wno-error=unused-variable -Wno-error=deprecated-declarations -Wextra -Wno-unused-parameter -Wno-sign-compare -Wno-old-style-declaration -DCONFIG_ENABLE_BOOT_CHECK_SUM=1 -DCONFIG_ENABLE_BOOT_CHECK_SUM=1 -DICACHE_FLASH -D__ESP_FILE__='"utils.c"' -D_CLOCKS_PER_SEC_=CONFIG_FREERTOS_HZ -D_POSIX_THREADS=1 -D_UNIX98_THREAD_MUTEX_ATTRIBUTES=1 -DAPP_OFFSET=0x10000  -DAPP_SIZE=0xf0000 -DESP_PLATFORM -D IDF_VER=\"v3.1-45-g217298f4-dirty\" -MMD -MP   -DWITH_POSIX -DMQTT_TASK -DMQTTCLIENT_PLATFORM_HEADER=MQTTFreeRTOS.h -DMBEDTLS_CONFIG_FILE='"mbedtls/esp_config.h"' -DWOLFSSL_USER_SETTINGS -I Z:/USER/workspace/ESP8266_temp_and_humidity/main/include -I C:/Users/USER/ESP8266/ESP8266_RTOS_SDK_v3.1/components/app_update/include -I C:/Users/USER/ESP8266/ESP8266_RTOS_SDK_v3.1/components/bootloader_support/include -I /c/Users/USER/ESP8266/ESP8266_RTOS_SDK_v3.1/components/cjson/include -I C:/Users/USER/ESP8266/ESP8266_RTOS_SDK_v3.1/components/cjson/cJSON -I C:/Users/USER/ESP8266/ESP8266_RTOS_SDK_v3.1/components/coap/port/include -I C:/Users/USER/ESP8266/ESP8266_RTOS_SDK_v3.1/components/coap/port/include/coap -I C:/Users/USER/ESP8266/ESP8266_RTOS_SDK_v3.1/components/coap/libcoap/include -I C:/Users/USER/ESP8266/ESP8266_RTOS_SDK_v3.1/components/coap/libcoap/include/coap -I /z/USER/workspace/ESP8266_temp_and_humidity/components/include -I C:/Users/USER/ESP8266/ESP8266_RTOS_SDK_v3.1/components/esp-tls -I C:/Users/USER/ESP8266/ESP8266_RTOS_SDK_v3.1/components/esp8266/include -I C:/Users/USER/ESP8266/ESP8266_RTOS_SDK_v3.1/components/esp8266/include -I C:/Users/USER/ESP8266/ESP8266_RTOS_SDK_v3.1/components/espos/include -I C:/Users/USER/ESP8266/ESP8266_RTOS_SDK_v3.1/components/freertos/include -I C:/Users/USER/ESP8266/ESP8266_RTOS_SDK_v3.1/components/freertos/include -I C:/Users/USER/ESP8266/ESP8266_RTOS_SDK_v3.1/components/freertos/include/freertos -I C:/Users/USER/ESP8266/ESP8266_RTOS_SDK_v3.1/components/freertos/include/freertos/private -I C:/Users/USER/ESP8266/ESP8266_RTOS_SDK_v3.1/components/freertos/port/esp8266/include -I C:/Users/USER/ESP8266/ESP8266_RTOS_SDK_v3.1/components/freertos/port/esp8266/include/freertos -I C:/Users/USER/ESP8266/ESP8266_RTOS_SDK_v3.1/components/heap/include -I C:/Users/USER/ESP8266/ESP8266_RTOS_SDK_v3.1/components/heap/port/esp8266/include -I C:/Users/USER/ESP8266/ESP8266_RTOS_SDK_v3.1/components/jsmn/include -I C:/Users/USER/ESP8266/ESP8266_RTOS_SDK_v3.1/components/libsodium/libsodium/src/libsodium/include -I C:/Users/USER/ESP8266/ESP8266_RTOS_SDK_v3.1/components/libsodium/port_include -I C:/Users/USER/ESP8266/ESP8266_RTOS_SDK_v3.1/components/log/include -I C:/Users/USER/ESP8266/ESP8266_RTOS_SDK_v3.1/components/lwip/include -I C:/Users/USER/ESP8266/ESP8266_RTOS_SDK_v3.1/components/lwip/include/lwip/apps -I C:/Users/USER/ESP8266/ESP8266_RTOS_SDK_v3.1/components/lwip/include/lwip -I C:/Users/USER/ESP8266/ESP8266_RTOS_SDK_v3.1/components/lwip/lwip/src/include -I C:/Users/USER/ESP8266/ESP8266_RTOS_SDK_v3.1/components/lwip/lwip/src/include/posix -I C:/Users/USER/ESP8266/ESP8266_RTOS_SDK_v3.1/components/lwip/port/esp8266/include -I C:/Users/USER/ESP8266/ESP8266_RTOS_SDK_v3.1/components/lwip/port/esp8266/include/port -I C:/Users/USER/ESP8266/ESP8266_RTOS_SDK_v3.1/components/mdns/include -I /c/Users/USER/ESP8266/ESP8266_RTOS_SDK_v3.1/components/mqtt/include -I C:/Users/USER/ESP8266/ESP8266_RTOS_SDK_v3.1/components/mqtt/paho/MQTTClient-C/src -I C:/Users/USER/ESP8266/ESP8266_RTOS_SDK_v3.1/components/mqtt/paho/MQTTClient-C/src/FreeRTOS -I C:/Users/USER/ESP8266/ESP8266_RTOS_SDK_v3.1/components/mqtt/paho/MQTTPacket/src -I /c/Users/USER/ESP8266/ESP8266_RTOS_SDK_v3.1/components/newlib/include -I C:/Users/USER/ESP8266/ESP8266_RTOS_SDK_v3.1/components/newlib/newlib/include -I C:/Users/USER/ESP8266/ESP8266_RTOS_SDK_v3.1/components/newlib/newlib/port/include -I C:/Users/USER/ESP8266/ESP8266_RTOS_SDK_v3.1/components/nvs_flash/include -I Z:/USER/workspace/ESP8266_temp_and_humidity/components/ota/include -I C:/Users/USER/ESP8266/ESP8266_RTOS_SDK_v3.1/components/pthread/include -I Z:/USER/workspace/ESP8266_temp_and_humidity/components/sht21/include -I C:/Users/USER/ESP8266/ESP8266_RTOS_SDK_v3.1/components/smartconfig_ack/include -I C:/Users/USER/ESP8266/ESP8266_RTOS_SDK_v3.1/components/spi_flash/include -I C:/Users/USER/ESP8266/ESP8266_RTOS_SDK_v3.1/components/spiffs/include -I C:/Users/USER/ESP8266/ESP8266_RTOS_SDK_v3.1/components/spiffs/include/spiffs -I /c/Users/USER/ESP8266/ESP8266_RTOS_SDK_v3.1/components/ssl/include -I C:/Users/USER/ESP8266/ESP8266_RTOS_SDK_v3.1/components/ssl/mbedtls/mbedtls/include -I C:/Users/USER/ESP8266/ESP8266_RTOS_SDK_v3.1/components/ssl/mbedtls/port/esp8266/include -I C:/Users/USER/ESP8266/ESP8266_RTOS_SDK_v3.1/components/ssl/mbedtls/port/openssl/include -I C:/Users/USER/ESP8266/ESP8266_RTOS_SDK_v3.1/components/tcpip_adapter/include -I C:/Users/USER/ESP8266/ESP8266_RTOS_SDK_v3.1/components/tcpip_adapter/include -I C:/Users/USER/ESP8266/ESP8266_RTOS_SDK_v3.1/components/util/include -I C:/Users/USER/ESP8266/ESP8266_RTOS_SDK_v3.1/components/vfs/include -I C:/Users/USER/ESP8266/ESP8266_RTOS_SDK_v3.1/components/wpa_supplicant/include -I C:/Users/USER/ESP8266/ESP8266_RTOS_SDK_v3.1/components/wpa_supplicant/port/include -I Z:/USER/workspace/ESP8266_temp_and_humidity/build/include  -I . -c Z:/USER/workspace/ESP8266_temp_and_humidity/main/utils.c -o utils.o
echo "Z:/USER/workspace/ESP8266_temp_and_humidity/main/utils.c" >> utils.d
xtensa-lx106-elf-gcc -std=gnu99 -Og -ggdb -ffunction-sections -fdata-sections -fstrict-volatile-bitfields -mlongcalls -nostdlib -Wall -Werror=all -Wno-error=unused-function -Wno-error=unused-but-set-variable -Wno-error=unused-variable -Wno-error=deprecated-declarations -Wextra -Wno-unused-parameter -Wno-sign-compare -Wno-old-style-declaration -DCONFIG_ENABLE_BOOT_CHECK_SUM=1 -DCONFIG_ENABLE_BOOT_CHECK_SUM=1 -DICACHE_FLASH -D__ESP_FILE__='"malloc_logger.c"' -D_CLOCKS_PER_SEC_=CONFIG_FREERTOS_HZ -D_POSIX_THREADS=1 -D_UNIX98_THREAD_MUTEX_ATTRIBUTES=1 -DAPP_OFFSET=0x10000  -DAPP_SIZE=0xf0000 -DESP_PLATFORM -D IDF_VER=\"v3.1-45-g217298f4-dirty\" -MMD -MP   -DWITH_POSIX -DMQTT_TASK -DMQTTCLIENT_PLATFORM_HEADER=MQTTFreeRTOS.h -DMBEDTLS_CONFIG_FILE='"mbedtls/esp_config.h"' -DWOLFSSL_USER_SETTINGS -I Z:/USER/workspace/ESP8266_temp_and_humidity/main/include -I C:/Users/USER/ESP8266/ESP8266_RTOS_SDK_v3.1/components/app_update/include -I C:/Users/USER/ESP8266/ESP8266_RTOS_SDK_v3.1/components/bootloader_support/include -I /c/Users/USER/ESP8266/ESP8266_RTOS_SDK_v3.1/components/cjson/include -I C:/Users/USER/ESP8266/ESP8266_RTOS_SDK_v3.1/components/cjson/cJSON -I C:/Users/USER/ESP8266/ESP8266_RTOS_SDK_v3.1/components/coap/port/include -I C:/Users/USER/ESP8266/ESP8266_RTOS_SDK_v3.1/components/coap/port/include/coap -I C:/Users/USER/ESP8266/ESP8266_RTOS_SDK_v3.1/components/coap/libcoap/include -I C:/Users/USER/ESP8266/ESP8266_RTOS_SDK_v3.1/components/coap/libcoap/include/coap -I /z/USER/workspace/ESP8266_temp_and_humidity/components/include -I C:/Users/USER/ESP8266/ESP8266_RTOS_SDK_v3.1/components/esp-tls -I C:/Users/USER/ESP8266/ESP8266_RTOS_SDK_v3.1/components/esp8266/include -I C:/Users/USER/ESP8266/ESP8266_RTOS_SDK_v3.1/components/esp8266/include -I C:/Users/USER/ESP8266/ESP8266_RTOS_SDK_v3.1/components/espos/include -I C:/Users/USER/ESP8266/ESP8266_RTOS_SDK_v3.1/components/freertos/include -I C:/Users/USER/ESP8266/ESP8266_RTOS_SDK_v3.1/components/freertos/include -I C:/Users/USER/ESP8266/ESP8266_RTOS_SDK_v3.1/components/freertos/include/freertos -I C:/Users/USER/ESP8266/ESP8266_RTOS_SDK_v3.1/components/freertos/include/freertos/private -I C:/Users/USER/ESP8266/ESP8266_RTOS_SDK_v3.1/components/freertos/port/esp8266/include -I C:/Users/USER/ESP8266/ESP8266_RTOS_SDK_v3.1/components/freertos/port/esp8266/include/freertos -I C:/Users/USER/ESP8266/ESP8266_RTOS_SDK_v3.1/components/heap/include -I C:/Users/USER/ESP8266/ESP8266_RTOS_SDK_v3.1/components/heap/port/esp8266/include -I C:/Users/USER/ESP8266/ESP8266_RTOS_SDK_v3.1/components/jsmn/include -I C:/Users/USER/ESP8266/ESP8266_RTOS_SDK_v3.1/components/libsodium/libsodium/src/libsodium/include -I C:/Users/USER/ESP8266/ESP8266_RTOS_SDK_v3.1/components/libsodium/port_include -I C:/Users/USER/ESP8266/ESP8266_RTOS_SDK_v3.1/components/log/include -I C:/Users/USER/ESP8266/ESP8266_RTOS_SDK_v3.1/components/lwip/include -I C:/Users/USER/ESP8266/ESP8266_RTOS_SDK_v3.1/components/lwip/include/lwip/apps -I C:/Users/USER/ESP8266/ESP8266_RTOS_SDK_v3.1/components/lwip/include/lwip -I C:/Users/USER/ESP8266/ESP8266_RTOS_SDK_v3.1/components/lwip/lwip/src/include -I C:/Users/USER/ESP8266/ESP8266_RTOS_SDK_v3.1/components/lwip/lwip/src/include/posix -I C:/Users/USER/ESP8266/ESP8266_RTOS_SDK_v3.1/components/lwip/port/esp8266/include -I C:/Users/USER/ESP8266/ESP8266_RTOS_SDK_v3.1/components/lwip/port/esp8266/include/port -I C:/Users/USER/ESP8266/ESP8266_RTOS_SDK_v3.1/components/mdns/include -I /c/Users/USER/ESP8266/ESP8266_RTOS_SDK_v3.1/components/mqtt/include -I C:/Users/USER/ESP8266/ESP8266_RTOS_SDK_v3.1/components/mqtt/paho/MQTTClient-C/src -I C:/Users/USER/ESP8266/ESP8266_RTOS_SDK_v3.1/components/mqtt/paho/MQTTClient-C/src/FreeRTOS -I C:/Users/USER/ESP8266/ESP8266_RTOS_SDK_v3.1/components/mqtt/paho/MQTTPacket/src -I /c/Users/USER/ESP8266/ESP8266_RTOS_SDK_v3.1/components/newlib/include -I C:/Users/USER/ESP8266/ESP8266_RTOS_SDK_v3.1/components/newlib/newlib/include -I C:/Users/USER/ESP8266/ESP8266_RTOS_SDK_v3.1/components/newlib/newlib/port/include -I C:/Users/USER/ESP8266/ESP8266_RTOS_SDK_v3.1/components/nvs_flash/include -I Z:/USER/workspace/ESP8266_temp_and_humidity/components/ota/include -I C:/Users/USER/ESP8266/ESP8266_RTOS_SDK_v3.1/components/pthread/include -I Z:/USER/workspace/ESP8266_temp_and_humidity/components/sht21/include -I C:/Users/USER/ESP8266/ESP8266_RTOS_SDK_v3.1/components/smartconfig_ack/include -I C:/Users/USER/ESP8266/ESP8266_RTOS_SDK_v3.1/components/spi_flash/include -I C:/Users/USER/ESP8266/ESP8266_RTOS_SDK_v3.1/components/spiffs/include -I C:/Users/USER/ESP8266/ESP8266_RTOS_SDK_v3.1/components/spiffs/include/spiffs -I /c/Users/USER/ESP8266/ESP8266_RTOS_SDK_v3.1/components/ssl/include -I C:/Users/USER/ESP8266/ESP8266_RTOS_SDK_v3.1/components/ssl/mbedtls/mbedtls/include -I C:/Users/USER/ESP8266/ESP8266_RTOS_SDK_v3.1/components/ssl/mbedtls/port/esp8266/include -I C:/Users/USER/ESP8266/ESP8266_RTOS_SDK_v3.1/components/ssl/mbedtls/port/openssl/include -I C:/Users/USER/ESP8266/ESP8266_RTOS_SDK_v3.1/components/tcpip_adapter/include -I C:/Users/USER/ESP8266/ESP8266_RTOS_SDK_v3.1/components/tcpip_adapter/include -I C:/Users/USER/ESP8266/ESP8266_RTOS_SDK_v3.1/components/util/include -I C:/Users/USER/ESP8266/ESP8266_RTOS_SDK_v3.1/components/vfs/include -I C:/Users/USER/ESP8266/ESP8266_RTOS_SDK_v3.1/components/wpa_supplicant/include -I C:/Users/USER/ESP8266/ESP8266_RTOS_SDK_v3.1/components/wpa_supplicant/port/include -I Z:/USER/workspace/ESP8266_temp_and_humidity/build/include  -I . -c Z:/USER/workspace/ESP8266_temp_and_humidity/main/malloc_logger.c -o malloc_logger.o
echo "Z:/USER/workspace/ESP8266_temp_and_humidity/main/malloc_logger.c" >> malloc_logger.d
Z:/USER/workspace/ESP8266_temp_and_humidity/main/user_main.c:523:13: warning: 'testing_task' defined but not used [-Wunused-function]
 static void testing_task(void *pvParameters) {
             ^
xtensa-lx106-elf-gcc -std=gnu99 -Og -ggdb -ffunction-sections -fdata-sections -fstrict-volatile-bitfields -mlongcalls -nostdlib -Wall -Werror=all -Wno-error=unused-function -Wno-error=unused-but-set-variable -Wno-error=unused-variable -Wno-error=deprecated-declarations -Wextra -Wno-unused-parameter -Wno-sign-compare -Wno-old-style-declaration -DCONFIG_ENABLE_BOOT_CHECK_SUM=1 -DCONFIG_ENABLE_BOOT_CHECK_SUM=1 -DICACHE_FLASH -D__ESP_FILE__='"user_main.c"' -D_CLOCKS_PER_SEC_=CONFIG_FREERTOS_HZ -D_POSIX_THREADS=1 -D_UNIX98_THREAD_MUTEX_ATTRIBUTES=1 -DAPP_OFFSET=0x10000  -DAPP_SIZE=0xf0000 -DESP_PLATFORM -D IDF_VER=\"v3.1-45-g217298f4-dirty\" -MMD -MP   -DWITH_POSIX -DMQTT_TASK -DMQTTCLIENT_PLATFORM_HEADER=MQTTFreeRTOS.h -DMBEDTLS_CONFIG_FILE='"mbedtls/esp_config.h"' -DWOLFSSL_USER_SETTINGS -I Z:/USER/workspace/ESP8266_temp_and_humidity/main/include -I C:/Users/USER/ESP8266/ESP8266_RTOS_SDK_v3.1/components/app_update/include -I C:/Users/USER/ESP8266/ESP8266_RTOS_SDK_v3.1/components/bootloader_support/include -I /c/Users/USER/ESP8266/ESP8266_RTOS_SDK_v3.1/components/cjson/include -I C:/Users/USER/ESP8266/ESP8266_RTOS_SDK_v3.1/components/cjson/cJSON -I C:/Users/USER/ESP8266/ESP8266_RTOS_SDK_v3.1/components/coap/port/include -I C:/Users/USER/ESP8266/ESP8266_RTOS_SDK_v3.1/components/coap/port/include/coap -I C:/Users/USER/ESP8266/ESP8266_RTOS_SDK_v3.1/components/coap/libcoap/include -I C:/Users/USER/ESP8266/ESP8266_RTOS_SDK_v3.1/components/coap/libcoap/include/coap -I /z/USER/workspace/ESP8266_temp_and_humidity/components/include -I C:/Users/USER/ESP8266/ESP8266_RTOS_SDK_v3.1/components/esp-tls -I C:/Users/USER/ESP8266/ESP8266_RTOS_SDK_v3.1/components/esp8266/include -I C:/Users/USER/ESP8266/ESP8266_RTOS_SDK_v3.1/components/esp8266/include -I C:/Users/USER/ESP8266/ESP8266_RTOS_SDK_v3.1/components/espos/include -I C:/Users/USER/ESP8266/ESP8266_RTOS_SDK_v3.1/components/freertos/include -I C:/Users/USER/ESP8266/ESP8266_RTOS_SDK_v3.1/components/freertos/include -I C:/Users/USER/ESP8266/ESP8266_RTOS_SDK_v3.1/components/freertos/include/freertos -I C:/Users/USER/ESP8266/ESP8266_RTOS_SDK_v3.1/components/freertos/include/freertos/private -I C:/Users/USER/ESP8266/ESP8266_RTOS_SDK_v3.1/components/freertos/port/esp8266/include -I C:/Users/USER/ESP8266/ESP8266_RTOS_SDK_v3.1/components/freertos/port/esp8266/include/freertos -I C:/Users/USER/ESP8266/ESP8266_RTOS_SDK_v3.1/components/heap/include -I C:/Users/USER/ESP8266/ESP8266_RTOS_SDK_v3.1/components/heap/port/esp8266/include -I C:/Users/USER/ESP8266/ESP8266_RTOS_SDK_v3.1/components/jsmn/include -I C:/Users/USER/ESP8266/ESP8266_RTOS_SDK_v3.1/components/libsodium/libsodium/src/libsodium/include -I C:/Users/USER/ESP8266/ESP8266_RTOS_SDK_v3.1/components/libsodium/port_include -I C:/Users/USER/ESP8266/ESP8266_RTOS_SDK_v3.1/components/log/include -I C:/Users/USER/ESP8266/ESP8266_RTOS_SDK_v3.1/components/lwip/include -I C:/Users/USER/ESP8266/ESP8266_RTOS_SDK_v3.1/components/lwip/include/lwip/apps -I C:/Users/USER/ESP8266/ESP8266_RTOS_SDK_v3.1/components/lwip/include/lwip -I C:/Users/USER/ESP8266/ESP8266_RTOS_SDK_v3.1/components/lwip/lwip/src/include -I C:/Users/USER/ESP8266/ESP8266_RTOS_SDK_v3.1/components/lwip/lwip/src/include/posix -I C:/Users/USER/ESP8266/ESP8266_RTOS_SDK_v3.1/components/lwip/port/esp8266/include -I C:/Users/USER/ESP8266/ESP8266_RTOS_SDK_v3.1/components/lwip/port/esp8266/include/port -I C:/Users/USER/ESP8266/ESP8266_RTOS_SDK_v3.1/components/mdns/include -I /c/Users/USER/ESP8266/ESP8266_RTOS_SDK_v3.1/components/mqtt/include -I C:/Users/USER/ESP8266/ESP8266_RTOS_SDK_v3.1/components/mqtt/paho/MQTTClient-C/src -I C:/Users/USER/ESP8266/ESP8266_RTOS_SDK_v3.1/components/mqtt/paho/MQTTClient-C/src/FreeRTOS -I C:/Users/USER/ESP8266/ESP8266_RTOS_SDK_v3.1/components/mqtt/paho/MQTTPacket/src -I /c/Users/USER/ESP8266/ESP8266_RTOS_SDK_v3.1/components/newlib/include -I C:/Users/USER/ESP8266/ESP8266_RTOS_SDK_v3.1/components/newlib/newlib/include -I C:/Users/USER/ESP8266/ESP8266_RTOS_SDK_v3.1/components/newlib/newlib/port/include -I C:/Users/USER/ESP8266/ESP8266_RTOS_SDK_v3.1/components/nvs_flash/include -I Z:/USER/workspace/ESP8266_temp_and_humidity/components/ota/include -I C:/Users/USER/ESP8266/ESP8266_RTOS_SDK_v3.1/components/pthread/include -I Z:/USER/workspace/ESP8266_temp_and_humidity/components/sht21/include -I C:/Users/USER/ESP8266/ESP8266_RTOS_SDK_v3.1/components/smartconfig_ack/include -I C:/Users/USER/ESP8266/ESP8266_RTOS_SDK_v3.1/components/spi_flash/include -I C:/Users/USER/ESP8266/ESP8266_RTOS_SDK_v3.1/components/spiffs/include -I C:/Users/USER/ESP8266/ESP8266_RTOS_SDK_v3.1/components/spiffs/include/spiffs -I /c/Users/USER/ESP8266/ESP8266_RTOS_SDK_v3.1/components/ssl/include -I C:/Users/USER/ESP8266/ESP8266_RTOS_SDK_v3.1/components/ssl/mbedtls/mbedtls/include -I C:/Users/USER/ESP8266/ESP8266_RTOS_SDK_v3.1/components/ssl/mbedtls/port/esp8266/include -I C:/Users/USER/ESP8266/ESP8266_RTOS_SDK_v3.1/components/ssl/mbedtls/port/openssl/include -I C:/Users/USER/ESP8266/ESP8266_RTOS_SDK_v3.1/components/tcpip_adapter/include -I C:/Users/USER/ESP8266/ESP8266_RTOS_SDK_v3.1/components/tcpip_adapter/include -I C:/Users/USER/ESP8266/ESP8266_RTOS_SDK_v3.1/components/util/include -I C:/Users/USER/ESP8266/ESP8266_RTOS_SDK_v3.1/components/vfs/include -I C:/Users/USER/ESP8266/ESP8266_RTOS_SDK_v3.1/components/wpa_supplicant/include -I C:/Users/USER/ESP8266/ESP8266_RTOS_SDK_v3.1/components/wpa_supplicant/port/include -I Z:/USER/workspace/ESP8266_temp_and_humidity/build/include  -I . -c Z:/USER/workspace/ESP8266_temp_and_humidity/main/user_main.c -o user_main.o
echo "Z:/USER/workspace/ESP8266_temp_and_humidity/main/user_main.c" >> user_main.d
rm -f libmain.a
xtensa-lx106-elf-ar cru libmain.a utils.o malloc_logger.o user_main.o
make[1]: Leaving directory 'Z:/USER/workspace/ESP8266_temp_and_humidity/build/main'
Target 'component-main-build' responsible for 'Z:/USER/workspace/ESP8266_temp_and_humidity/build/main/libmain.a'
make -C Z:/USER/workspace/ESP8266_temp_and_humidity/build/mdns -f C:/Users/USER/ESP8266/ESP8266_RTOS_SDK_v3.1/make/component_wrapper.mk COMPONENT_MAKEFILE=C:/Users/USER/ESP8266/ESP8266_RTOS_SDK_v3.1/components/mdns/component.mk COMPONENT_NAME=mdns build
make[1]: Entering directory 'Z:/USER/workspace/ESP8266_temp_and_humidity/build/mdns'
make[1]: Nothing to be done for 'build'.
make[1]: Leaving directory 'Z:/USER/workspace/ESP8266_temp_and_humidity/build/mdns'
Target 'component-mdns-build' responsible for 'Z:/USER/workspace/ESP8266_temp_and_humidity/build/mdns/libmdns.a'
make -C Z:/USER/workspace/ESP8266_temp_and_humidity/build/mqtt -f C:/Users/USER/ESP8266/ESP8266_RTOS_SDK_v3.1/make/component_wrapper.mk COMPONENT_MAKEFILE=C:/Users/USER/ESP8266/ESP8266_RTOS_SDK_v3.1/components/mqtt/component.mk COMPONENT_NAME=mqtt build
make[1]: Entering directory 'Z:/USER/workspace/ESP8266_temp_and_humidity/build/mqtt'
make[1]: Nothing to be done for 'build'.
make[1]: Leaving directory 'Z:/USER/workspace/ESP8266_temp_and_humidity/build/mqtt'
Target 'component-mqtt-build' responsible for 'Z:/USER/workspace/ESP8266_temp_and_humidity/build/mqtt/libmqtt.a'
make -C Z:/USER/workspace/ESP8266_temp_and_humidity/build/newlib -f C:/Users/USER/ESP8266/ESP8266_RTOS_SDK_v3.1/make/component_wrapper.mk COMPONENT_MAKEFILE=C:/Users/USER/ESP8266/ESP8266_RTOS_SDK_v3.1/components/newlib/component.mk COMPONENT_NAME=newlib build
make[1]: Entering directory 'Z:/USER/workspace/ESP8266_temp_and_humidity/build/newlib'
make[1]: Nothing to be done for 'build'.
make[1]: Leaving directory 'Z:/USER/workspace/ESP8266_temp_and_humidity/build/newlib'
Target 'component-newlib-build' responsible for 'Z:/USER/workspace/ESP8266_temp_and_humidity/build/newlib/libnewlib.a'
make -C Z:/USER/workspace/ESP8266_temp_and_humidity/build/nvs_flash -f C:/Users/USER/ESP8266/ESP8266_RTOS_SDK_v3.1/make/component_wrapper.mk COMPONENT_MAKEFILE=C:/Users/USER/ESP8266/ESP8266_RTOS_SDK_v3.1/components/nvs_flash/component.mk COMPONENT_NAME=nvs_flash build
make[1]: Entering directory 'Z:/USER/workspace/ESP8266_temp_and_humidity/build/nvs_flash'
make[1]: Nothing to be done for 'build'.
make[1]: Leaving directory 'Z:/USER/workspace/ESP8266_temp_and_humidity/build/nvs_flash'
Target 'component-nvs_flash-build' responsible for 'Z:/USER/workspace/ESP8266_temp_and_humidity/build/nvs_flash/libnvs_flash.a'
make -C Z:/USER/workspace/ESP8266_temp_and_humidity/build/ota -f C:/Users/USER/ESP8266/ESP8266_RTOS_SDK_v3.1/make/component_wrapper.mk COMPONENT_MAKEFILE=Z:/USER/workspace/ESP8266_temp_and_humidity/components/ota/component.mk COMPONENT_NAME=ota build
make[1]: Entering directory 'Z:/USER/workspace/ESP8266_temp_and_humidity/build/ota'
Z:/USER/workspace/ESP8266_temp_and_humidity/components/ota/ota.c:175:13: warning: 'update_firmware_task' defined but not used [-Wunused-function]
 static void update_firmware_task(void *pvParameter) {
             ^
xtensa-lx106-elf-gcc -std=gnu99 -Og -ggdb -ffunction-sections -fdata-sections -fstrict-volatile-bitfields -mlongcalls -nostdlib -Wall -Werror=all -Wno-error=unused-function -Wno-error=unused-but-set-variable -Wno-error=unused-variable -Wno-error=deprecated-declarations -Wextra -Wno-unused-parameter -Wno-sign-compare -Wno-old-style-declaration -DCONFIG_ENABLE_BOOT_CHECK_SUM=1 -DCONFIG_ENABLE_BOOT_CHECK_SUM=1 -DICACHE_FLASH -D__ESP_FILE__='"ota.c"' -D_CLOCKS_PER_SEC_=CONFIG_FREERTOS_HZ -D_POSIX_THREADS=1 -D_UNIX98_THREAD_MUTEX_ATTRIBUTES=1 -DAPP_OFFSET=0x10000  -DAPP_SIZE=0xf0000 -DESP_PLATFORM -D IDF_VER=\"v3.1-45-g217298f4-dirty\" -MMD -MP   -DWITH_POSIX -DMQTT_TASK -DMQTTCLIENT_PLATFORM_HEADER=MQTTFreeRTOS.h -DMBEDTLS_CONFIG_FILE='"mbedtls/esp_config.h"' -DWOLFSSL_USER_SETTINGS -I Z:/USER/workspace/ESP8266_temp_and_humidity/components/ota/include -I C:/Users/USER/ESP8266/ESP8266_RTOS_SDK_v3.1/components/app_update/include -I C:/Users/USER/ESP8266/ESP8266_RTOS_SDK_v3.1/components/bootloader_support/include -I /c/Users/USER/ESP8266/ESP8266_RTOS_SDK_v3.1/components/cjson/include -I C:/Users/USER/ESP8266/ESP8266_RTOS_SDK_v3.1/components/cjson/cJSON -I C:/Users/USER/ESP8266/ESP8266_RTOS_SDK_v3.1/components/coap/port/include -I C:/Users/USER/ESP8266/ESP8266_RTOS_SDK_v3.1/components/coap/port/include/coap -I C:/Users/USER/ESP8266/ESP8266_RTOS_SDK_v3.1/components/coap/libcoap/include -I C:/Users/USER/ESP8266/ESP8266_RTOS_SDK_v3.1/components/coap/libcoap/include/coap -I /z/USER/workspace/ESP8266_temp_and_humidity/components/include -I C:/Users/USER/ESP8266/ESP8266_RTOS_SDK_v3.1/components/esp-tls -I C:/Users/USER/ESP8266/ESP8266_RTOS_SDK_v3.1/components/esp8266/include -I C:/Users/USER/ESP8266/ESP8266_RTOS_SDK_v3.1/components/esp8266/include -I C:/Users/USER/ESP8266/ESP8266_RTOS_SDK_v3.1/components/espos/include -I C:/Users/USER/ESP8266/ESP8266_RTOS_SDK_v3.1/components/freertos/include -I C:/Users/USER/ESP8266/ESP8266_RTOS_SDK_v3.1/components/freertos/include -I C:/Users/USER/ESP8266/ESP8266_RTOS_SDK_v3.1/components/freertos/include/freertos -I C:/Users/USER/ESP8266/ESP8266_RTOS_SDK_v3.1/components/freertos/include/freertos/private -I C:/Users/USER/ESP8266/ESP8266_RTOS_SDK_v3.1/components/freertos/port/esp8266/include -I C:/Users/USER/ESP8266/ESP8266_RTOS_SDK_v3.1/components/freertos/port/esp8266/include/freertos -I C:/Users/USER/ESP8266/ESP8266_RTOS_SDK_v3.1/components/heap/include -I C:/Users/USER/ESP8266/ESP8266_RTOS_SDK_v3.1/components/heap/port/esp8266/include -I C:/Users/USER/ESP8266/ESP8266_RTOS_SDK_v3.1/components/jsmn/include -I C:/Users/USER/ESP8266/ESP8266_RTOS_SDK_v3.1/components/libsodium/libsodium/src/libsodium/include -I C:/Users/USER/ESP8266/ESP8266_RTOS_SDK_v3.1/components/libsodium/port_include -I C:/Users/USER/ESP8266/ESP8266_RTOS_SDK_v3.1/components/log/include -I C:/Users/USER/ESP8266/ESP8266_RTOS_SDK_v3.1/components/lwip/include -I C:/Users/USER/ESP8266/ESP8266_RTOS_SDK_v3.1/components/lwip/include/lwip/apps -I C:/Users/USER/ESP8266/ESP8266_RTOS_SDK_v3.1/components/lwip/include/lwip -I C:/Users/USER/ESP8266/ESP8266_RTOS_SDK_v3.1/components/lwip/lwip/src/include -I C:/Users/USER/ESP8266/ESP8266_RTOS_SDK_v3.1/components/lwip/lwip/src/include/posix -I C:/Users/USER/ESP8266/ESP8266_RTOS_SDK_v3.1/components/lwip/port/esp8266/include -I C:/Users/USER/ESP8266/ESP8266_RTOS_SDK_v3.1/components/lwip/port/esp8266/include/port -I Z:/USER/workspace/ESP8266_temp_and_humidity/main/include -I C:/Users/USER/ESP8266/ESP8266_RTOS_SDK_v3.1/components/mdns/include -I /c/Users/USER/ESP8266/ESP8266_RTOS_SDK_v3.1/components/mqtt/include -I C:/Users/USER/ESP8266/ESP8266_RTOS_SDK_v3.1/components/mqtt/paho/MQTTClient-C/src -I C:/Users/USER/ESP8266/ESP8266_RTOS_SDK_v3.1/components/mqtt/paho/MQTTClient-C/src/FreeRTOS -I C:/Users/USER/ESP8266/ESP8266_RTOS_SDK_v3.1/components/mqtt/paho/MQTTPacket/src -I /c/Users/USER/ESP8266/ESP8266_RTOS_SDK_v3.1/components/newlib/include -I C:/Users/USER/ESP8266/ESP8266_RTOS_SDK_v3.1/components/newlib/newlib/include -I C:/Users/USER/ESP8266/ESP8266_RTOS_SDK_v3.1/components/newlib/newlib/port/include -I C:/Users/USER/ESP8266/ESP8266_RTOS_SDK_v3.1/components/nvs_flash/include -I C:/Users/USER/ESP8266/ESP8266_RTOS_SDK_v3.1/components/pthread/include -I Z:/USER/workspace/ESP8266_temp_and_humidity/components/sht21/include -I C:/Users/USER/ESP8266/ESP8266_RTOS_SDK_v3.1/components/smartconfig_ack/include -I C:/Users/USER/ESP8266/ESP8266_RTOS_SDK_v3.1/components/spi_flash/include -I C:/Users/USER/ESP8266/ESP8266_RTOS_SDK_v3.1/components/spiffs/include -I C:/Users/USER/ESP8266/ESP8266_RTOS_SDK_v3.1/components/spiffs/include/spiffs -I /c/Users/USER/ESP8266/ESP8266_RTOS_SDK_v3.1/components/ssl/include -I C:/Users/USER/ESP8266/ESP8266_RTOS_SDK_v3.1/components/ssl/mbedtls/mbedtls/include -I C:/Users/USER/ESP8266/ESP8266_RTOS_SDK_v3.1/components/ssl/mbedtls/port/esp8266/include -I C:/Users/USER/ESP8266/ESP8266_RTOS_SDK_v3.1/components/ssl/mbedtls/port/openssl/include -I C:/Users/USER/ESP8266/ESP8266_RTOS_SDK_v3.1/components/tcpip_adapter/include -I C:/Users/USER/ESP8266/ESP8266_RTOS_SDK_v3.1/components/tcpip_adapter/include -I C:/Users/USER/ESP8266/ESP8266_RTOS_SDK_v3.1/components/util/include -I C:/Users/USER/ESP8266/ESP8266_RTOS_SDK_v3.1/components/vfs/include -I C:/Users/USER/ESP8266/ESP8266_RTOS_SDK_v3.1/components/wpa_supplicant/include -I C:/Users/USER/ESP8266/ESP8266_RTOS_SDK_v3.1/components/wpa_supplicant/port/include -I Z:/USER/workspace/ESP8266_temp_and_humidity/build/include  -I . -c Z:/USER/workspace/ESP8266_temp_and_humidity/components/ota/ota.c -o ota.o
echo "Z:/USER/workspace/ESP8266_temp_and_humidity/components/ota/ota.c" >> ota.d
rm -f libota.a
xtensa-lx106-elf-ar cru libota.a ota.o
make[1]: Leaving directory 'Z:/USER/workspace/ESP8266_temp_and_humidity/build/ota'
Target 'component-ota-build' responsible for 'Z:/USER/workspace/ESP8266_temp_and_humidity/build/ota/libota.a'
make -C Z:/USER/workspace/ESP8266_temp_and_humidity/build/pthread -f C:/Users/USER/ESP8266/ESP8266_RTOS_SDK_v3.1/make/component_wrapper.mk COMPONENT_MAKEFILE=C:/Users/USER/ESP8266/ESP8266_RTOS_SDK_v3.1/components/pthread/component.mk COMPONENT_NAME=pthread build
make[1]: Entering directory 'Z:/USER/workspace/ESP8266_temp_and_humidity/build/pthread'
make[1]: Nothing to be done for 'build'.
make[1]: Leaving directory 'Z:/USER/workspace/ESP8266_temp_and_humidity/build/pthread'
Target 'component-pthread-build' responsible for 'Z:/USER/workspace/ESP8266_temp_and_humidity/build/pthread/libpthread.a'
make -C Z:/USER/workspace/ESP8266_temp_and_humidity/build/sht21 -f C:/Users/USER/ESP8266/ESP8266_RTOS_SDK_v3.1/make/component_wrapper.mk COMPONENT_MAKEFILE=Z:/USER/workspace/ESP8266_temp_and_humidity/components/sht21/component.mk COMPONENT_NAME=sht21 build
make[1]: Entering directory 'Z:/USER/workspace/ESP8266_temp_and_humidity/build/sht21'
Z:/USER/workspace/ESP8266_temp_and_humidity/components/sht21/sht21.c:3:18: warning: 'i2c_master_sht21_write' defined but not used [-Wunused-function]
 static esp_err_t i2c_master_sht21_write(unsigned char command) {
                  ^
Z:/USER/workspace/ESP8266_temp_and_humidity/components/sht21/sht21.c:17:18: warning: 'i2c_master_sht21_read' defined but not used [-Wunused-function]
 static esp_err_t i2c_master_sht21_read(unsigned char *data, size_t data_len) {
                  ^
xtensa-lx106-elf-gcc -std=gnu99 -Og -ggdb -ffunction-sections -fdata-sections -fstrict-volatile-bitfields -mlongcalls -nostdlib -Wall -Werror=all -Wno-error=unused-function -Wno-error=unused-but-set-variable -Wno-error=unused-variable -Wno-error=deprecated-declarations -Wextra -Wno-unused-parameter -Wno-sign-compare -Wno-old-style-declaration -DCONFIG_ENABLE_BOOT_CHECK_SUM=1 -DCONFIG_ENABLE_BOOT_CHECK_SUM=1 -DICACHE_FLASH -D__ESP_FILE__='"sht21.c"' -D_CLOCKS_PER_SEC_=CONFIG_FREERTOS_HZ -D_POSIX_THREADS=1 -D_UNIX98_THREAD_MUTEX_ATTRIBUTES=1 -DAPP_OFFSET=0x10000  -DAPP_SIZE=0xf0000 -DESP_PLATFORM -D IDF_VER=\"v3.1-45-g217298f4-dirty\" -MMD -MP   -DWITH_POSIX -DMQTT_TASK -DMQTTCLIENT_PLATFORM_HEADER=MQTTFreeRTOS.h -DMBEDTLS_CONFIG_FILE='"mbedtls/esp_config.h"' -DWOLFSSL_USER_SETTINGS -I Z:/USER/workspace/ESP8266_temp_and_humidity/components/sht21/include -I C:/Users/USER/ESP8266/ESP8266_RTOS_SDK_v3.1/components/app_update/include -I C:/Users/USER/ESP8266/ESP8266_RTOS_SDK_v3.1/components/bootloader_support/include -I /c/Users/USER/ESP8266/ESP8266_RTOS_SDK_v3.1/components/cjson/include -I C:/Users/USER/ESP8266/ESP8266_RTOS_SDK_v3.1/components/cjson/cJSON -I C:/Users/USER/ESP8266/ESP8266_RTOS_SDK_v3.1/components/coap/port/include -I C:/Users/USER/ESP8266/ESP8266_RTOS_SDK_v3.1/components/coap/port/include/coap -I C:/Users/USER/ESP8266/ESP8266_RTOS_SDK_v3.1/components/coap/libcoap/include -I C:/Users/USER/ESP8266/ESP8266_RTOS_SDK_v3.1/components/coap/libcoap/include/coap -I /z/USER/workspace/ESP8266_temp_and_humidity/components/include -I C:/Users/USER/ESP8266/ESP8266_RTOS_SDK_v3.1/components/esp-tls -I C:/Users/USER/ESP8266/ESP8266_RTOS_SDK_v3.1/components/esp8266/include -I C:/Users/USER/ESP8266/ESP8266_RTOS_SDK_v3.1/components/esp8266/include -I C:/Users/USER/ESP8266/ESP8266_RTOS_SDK_v3.1/components/espos/include -I C:/Users/USER/ESP8266/ESP8266_RTOS_SDK_v3.1/components/freertos/include -I C:/Users/USER/ESP8266/ESP8266_RTOS_SDK_v3.1/components/freertos/include -I C:/Users/USER/ESP8266/ESP8266_RTOS_SDK_v3.1/components/freertos/include/freertos -I C:/Users/USER/ESP8266/ESP8266_RTOS_SDK_v3.1/components/freertos/include/freertos/private -I C:/Users/USER/ESP8266/ESP8266_RTOS_SDK_v3.1/components/freertos/port/esp8266/include -I C:/Users/USER/ESP8266/ESP8266_RTOS_SDK_v3.1/components/freertos/port/esp8266/include/freertos -I C:/Users/USER/ESP8266/ESP8266_RTOS_SDK_v3.1/components/heap/include -I C:/Users/USER/ESP8266/ESP8266_RTOS_SDK_v3.1/components/heap/port/esp8266/include -I C:/Users/USER/ESP8266/ESP8266_RTOS_SDK_v3.1/components/jsmn/include -I C:/Users/USER/ESP8266/ESP8266_RTOS_SDK_v3.1/components/libsodium/libsodium/src/libsodium/include -I C:/Users/USER/ESP8266/ESP8266_RTOS_SDK_v3.1/components/libsodium/port_include -I C:/Users/USER/ESP8266/ESP8266_RTOS_SDK_v3.1/components/log/include -I C:/Users/USER/ESP8266/ESP8266_RTOS_SDK_v3.1/components/lwip/include -I C:/Users/USER/ESP8266/ESP8266_RTOS_SDK_v3.1/components/lwip/include/lwip/apps -I C:/Users/USER/ESP8266/ESP8266_RTOS_SDK_v3.1/components/lwip/include/lwip -I C:/Users/USER/ESP8266/ESP8266_RTOS_SDK_v3.1/components/lwip/lwip/src/include -I C:/Users/USER/ESP8266/ESP8266_RTOS_SDK_v3.1/components/lwip/lwip/src/include/posix -I C:/Users/USER/ESP8266/ESP8266_RTOS_SDK_v3.1/components/lwip/port/esp8266/include -I C:/Users/USER/ESP8266/ESP8266_RTOS_SDK_v3.1/components/lwip/port/esp8266/include/port -I Z:/USER/workspace/ESP8266_temp_and_humidity/main/include -I C:/Users/USER/ESP8266/ESP8266_RTOS_SDK_v3.1/components/mdns/include -I /c/Users/USER/ESP8266/ESP8266_RTOS_SDK_v3.1/components/mqtt/include -I C:/Users/USER/ESP8266/ESP8266_RTOS_SDK_v3.1/components/mqtt/paho/MQTTClient-C/src -I C:/Users/USER/ESP8266/ESP8266_RTOS_SDK_v3.1/components/mqtt/paho/MQTTClient-C/src/FreeRTOS -I C:/Users/USER/ESP8266/ESP8266_RTOS_SDK_v3.1/components/mqtt/paho/MQTTPacket/src -I /c/Users/USER/ESP8266/ESP8266_RTOS_SDK_v3.1/components/newlib/include -I C:/Users/USER/ESP8266/ESP8266_RTOS_SDK_v3.1/components/newlib/newlib/include -I C:/Users/USER/ESP8266/ESP8266_RTOS_SDK_v3.1/components/newlib/newlib/port/include -I C:/Users/USER/ESP8266/ESP8266_RTOS_SDK_v3.1/components/nvs_flash/include -I Z:/USER/workspace/ESP8266_temp_and_humidity/components/ota/include -I C:/Users/USER/ESP8266/ESP8266_RTOS_SDK_v3.1/components/pthread/include -I C:/Users/USER/ESP8266/ESP8266_RTOS_SDK_v3.1/components/smartconfig_ack/include -I C:/Users/USER/ESP8266/ESP8266_RTOS_SDK_v3.1/components/spi_flash/include -I C:/Users/USER/ESP8266/ESP8266_RTOS_SDK_v3.1/components/spiffs/include -I C:/Users/USER/ESP8266/ESP8266_RTOS_SDK_v3.1/components/spiffs/include/spiffs -I /c/Users/USER/ESP8266/ESP8266_RTOS_SDK_v3.1/components/ssl/include -I C:/Users/USER/ESP8266/ESP8266_RTOS_SDK_v3.1/components/ssl/mbedtls/mbedtls/include -I C:/Users/USER/ESP8266/ESP8266_RTOS_SDK_v3.1/components/ssl/mbedtls/port/esp8266/include -I C:/Users/USER/ESP8266/ESP8266_RTOS_SDK_v3.1/components/ssl/mbedtls/port/openssl/include -I C:/Users/USER/ESP8266/ESP8266_RTOS_SDK_v3.1/components/tcpip_adapter/include -I C:/Users/USER/ESP8266/ESP8266_RTOS_SDK_v3.1/components/tcpip_adapter/include -I C:/Users/USER/ESP8266/ESP8266_RTOS_SDK_v3.1/components/util/include -I C:/Users/USER/ESP8266/ESP8266_RTOS_SDK_v3.1/components/vfs/include -I C:/Users/USER/ESP8266/ESP8266_RTOS_SDK_v3.1/components/wpa_supplicant/include -I C:/Users/USER/ESP8266/ESP8266_RTOS_SDK_v3.1/components/wpa_supplicant/port/include -I Z:/USER/workspace/ESP8266_temp_and_humidity/build/include  -I . -c Z:/USER/workspace/ESP8266_temp_and_humidity/components/sht21/sht21.c -o sht21.o
echo "Z:/USER/workspace/ESP8266_temp_and_humidity/components/sht21/sht21.c" >> sht21.d
rm -f libsht21.a
xtensa-lx106-elf-ar cru libsht21.a sht21.o
make[1]: Leaving directory 'Z:/USER/workspace/ESP8266_temp_and_humidity/build/sht21'
Target 'component-sht21-build' responsible for 'Z:/USER/workspace/ESP8266_temp_and_humidity/build/sht21/libsht21.a'
make -C Z:/USER/workspace/ESP8266_temp_and_humidity/build/smartconfig_ack -f C:/Users/USER/ESP8266/ESP8266_RTOS_SDK_v3.1/make/component_wrapper.mk COMPONENT_MAKEFILE=C:/Users/USER/ESP8266/ESP8266_RTOS_SDK_v3.1/components/smartconfig_ack/component.mk COMPONENT_NAME=smartconfig_ack build
make[1]: Entering directory 'Z:/USER/workspace/ESP8266_temp_and_humidity/build/smartconfig_ack'
make[1]: Nothing to be done for 'build'.
make[1]: Leaving directory 'Z:/USER/workspace/ESP8266_temp_and_humidity/build/smartconfig_ack'
Target 'component-smartconfig_ack-build' responsible for 'Z:/USER/workspace/ESP8266_temp_and_humidity/build/smartconfig_ack/libsmartconfig_ack.a'
make -C Z:/USER/workspace/ESP8266_temp_and_humidity/build/spi_flash -f C:/Users/USER/ESP8266/ESP8266_RTOS_SDK_v3.1/make/component_wrapper.mk COMPONENT_MAKEFILE=C:/Users/USER/ESP8266/ESP8266_RTOS_SDK_v3.1/components/spi_flash/component.mk COMPONENT_NAME=spi_flash build
make[1]: Entering directory 'Z:/USER/workspace/ESP8266_temp_and_humidity/build/spi_flash'
make[1]: Nothing to be done for 'build'.
make[1]: Leaving directory 'Z:/USER/workspace/ESP8266_temp_and_humidity/build/spi_flash'
Target 'component-spi_flash-build' responsible for 'Z:/USER/workspace/ESP8266_temp_and_humidity/build/spi_flash/libspi_flash.a'
make -C Z:/USER/workspace/ESP8266_temp_and_humidity/build/spiffs -f C:/Users/USER/ESP8266/ESP8266_RTOS_SDK_v3.1/make/component_wrapper.mk COMPONENT_MAKEFILE=C:/Users/USER/ESP8266/ESP8266_RTOS_SDK_v3.1/components/spiffs/component.mk COMPONENT_NAME=spiffs build
make[1]: Entering directory 'Z:/USER/workspace/ESP8266_temp_and_humidity/build/spiffs'
make[1]: Nothing to be done for 'build'.
make[1]: Leaving directory 'Z:/USER/workspace/ESP8266_temp_and_humidity/build/spiffs'
Target 'component-spiffs-build' responsible for 'Z:/USER/workspace/ESP8266_temp_and_humidity/build/spiffs/libspiffs.a'
make -C Z:/USER/workspace/ESP8266_temp_and_humidity/build/ssl -f C:/Users/USER/ESP8266/ESP8266_RTOS_SDK_v3.1/make/component_wrapper.mk COMPONENT_MAKEFILE=C:/Users/USER/ESP8266/ESP8266_RTOS_SDK_v3.1/components/ssl/component.mk COMPONENT_NAME=ssl build
make[1]: Entering directory 'Z:/USER/workspace/ESP8266_temp_and_humidity/build/ssl'
make[1]: Nothing to be done for 'build'.
make[1]: Leaving directory 'Z:/USER/workspace/ESP8266_temp_and_humidity/build/ssl'
Target 'component-ssl-build' responsible for 'Z:/USER/workspace/ESP8266_temp_and_humidity/build/ssl/libssl.a'
make -C Z:/USER/workspace/ESP8266_temp_and_humidity/build/tcpip_adapter -f C:/Users/USER/ESP8266/ESP8266_RTOS_SDK_v3.1/make/component_wrapper.mk COMPONENT_MAKEFILE=C:/Users/USER/ESP8266/ESP8266_RTOS_SDK_v3.1/components/tcpip_adapter/component.mk COMPONENT_NAME=tcpip_adapter build
make[1]: Entering directory 'Z:/USER/workspace/ESP8266_temp_and_humidity/build/tcpip_adapter'
make[1]: Nothing to be done for 'build'.
make[1]: Leaving directory 'Z:/USER/workspace/ESP8266_temp_and_humidity/build/tcpip_adapter'
Target 'component-tcpip_adapter-build' responsible for 'Z:/USER/workspace/ESP8266_temp_and_humidity/build/tcpip_adapter/libtcpip_adapter.a'
make -C Z:/USER/workspace/ESP8266_temp_and_humidity/build/util -f C:/Users/USER/ESP8266/ESP8266_RTOS_SDK_v3.1/make/component_wrapper.mk COMPONENT_MAKEFILE=C:/Users/USER/ESP8266/ESP8266_RTOS_SDK_v3.1/components/util/component.mk COMPONENT_NAME=util build
make[1]: Entering directory 'Z:/USER/workspace/ESP8266_temp_and_humidity/build/util'
make[1]: Nothing to be done for 'build'.
make[1]: Leaving directory 'Z:/USER/workspace/ESP8266_temp_and_humidity/build/util'
Target 'component-util-build' responsible for 'Z:/USER/workspace/ESP8266_temp_and_humidity/build/util/libutil.a'
make -C Z:/USER/workspace/ESP8266_temp_and_humidity/build/vfs -f C:/Users/USER/ESP8266/ESP8266_RTOS_SDK_v3.1/make/component_wrapper.mk COMPONENT_MAKEFILE=C:/Users/USER/ESP8266/ESP8266_RTOS_SDK_v3.1/components/vfs/component.mk COMPONENT_NAME=vfs build
make[1]: Entering directory 'Z:/USER/workspace/ESP8266_temp_and_humidity/build/vfs'
make[1]: Nothing to be done for 'build'.
make[1]: Leaving directory 'Z:/USER/workspace/ESP8266_temp_and_humidity/build/vfs'
Target 'component-vfs-build' responsible for 'Z:/USER/workspace/ESP8266_temp_and_humidity/build/vfs/libvfs.a'
make -C Z:/USER/workspace/ESP8266_temp_and_humidity/build/wpa_supplicant -f C:/Users/USER/ESP8266/ESP8266_RTOS_SDK_v3.1/make/component_wrapper.mk COMPONENT_MAKEFILE=C:/Users/USER/ESP8266/ESP8266_RTOS_SDK_v3.1/components/wpa_supplicant/component.mk COMPONENT_NAME=wpa_supplicant build
make[1]: Entering directory 'Z:/USER/workspace/ESP8266_temp_and_humidity/build/wpa_supplicant'
make[1]: Nothing to be done for 'build'.
make[1]: Leaving directory 'Z:/USER/workspace/ESP8266_temp_and_humidity/build/wpa_supplicant'
Target 'component-wpa_supplicant-build' responsible for 'Z:/USER/workspace/ESP8266_temp_and_humidity/build/wpa_supplicant/libwpa_supplicant.a'
Traceback (most recent call last):
  File "C:/Users/USER/ESP8266/ESP8266_RTOS_SDK_v3.1/components/esptool_py/esptool/esptool.py", line 3022, in <module>
    _main()
  File "C:/Users/USER/ESP8266/ESP8266_RTOS_SDK_v3.1/components/esptool_py/esptool/esptool.py", line 3015, in _main
    main()
  File "C:/Users/USER/ESP8266/ESP8266_RTOS_SDK_v3.1/components/esptool_py/esptool/esptool.py", line 2723, in main
    esp = chip_class(args.port, initial_baud, args.trace)
  File "C:/Users/USER/ESP8266/ESP8266_RTOS_SDK_v3.1/components/esptool_py/esptool/esptool.py", line 212, in __init__
    self._port = serial.serial_for_url(port)
  File "C:\msys32\mingw32\lib\python2.7\site-packages/serial/__init__.py", line 88, in serial_for_url
    instance.open()
  File "C:\msys32\mingw32\lib\python2.7\site-packages/serial/serialwin32.py", line 62, in open
    raise SerialException("could not open port {!r}: {!r}".format(self.portstr, ctypes.WinError()))
serial.serialutil.SerialException: could not open port 'COM7': WindowsError(2, 'The system cannot find the file specified.')
make: *** [/c/Users/USER/ESP8266/ESP8266_RTOS_SDK_v3.1/components/esptool_py/Makefile.projbuild:75: flash] Error 1
xtensa-lx106-elf-gcc -nostdlib -u call_user_start_cpu0  -Wl,--gc-sections -Wl,-static -Wl,--start-group  -LZ:/USER/workspace/ESP8266_temp_and_humidity/build/app_update -lapp_update -LZ:/USER/workspace/ESP8266_temp_and_humidity/build/aws_iot  -LZ:/USER/workspace/ESP8266_temp_and_humidity/build/bootloader_support -lbootloader_support -LZ:/USER/workspace/ESP8266_temp_and_humidity/build/cjson -lcjson -LZ:/USER/workspace/ESP8266_temp_and_humidity/build/coap -lcoap -LZ:/USER/workspace/ESP8266_temp_and_humidity/build/components -lcomponents -LZ:/USER/workspace/ESP8266_temp_and_humidity/build/esp-tls -lesp-tls -LZ:/USER/workspace/ESP8266_temp_and_humidity/build/esp8266 -lesp8266 -LC:/Users/USER/ESP8266/ESP8266_RTOS_SDK_v3.1/components/esp8266/lib -lgcc -lhal -lcore -lnet80211 -lphy -lpp -lsmartconfig -lssc -lwpa -lespnow -lwps -L C:/Users/USER/ESP8266/ESP8266_RTOS_SDK_v3.1/components/esp8266/ld -T esp8266_out.ld -T esp8266_common_out.ld -Wl,--no-check-sections -u call_user_start -T esp8266.rom.ld -T esp8266.peripherals.ld -LZ:/USER/workspace/ESP8266_temp_and_humidity/build/espos -lespos -LZ:/USER/workspace/ESP8266_temp_and_humidity/build/freertos -lfreertos -LZ:/USER/workspace/ESP8266_temp_and_humidity/build/heap -lheap -LZ:/USER/workspace/ESP8266_temp_and_humidity/build/jsmn -ljsmn -LZ:/USER/workspace/ESP8266_temp_and_humidity/build/libsodium -llibsodium -LZ:/USER/workspace/ESP8266_temp_and_humidity/build/log -llog -LZ:/USER/workspace/ESP8266_temp_and_humidity/build/lwip -llwip -LZ:/USER/workspace/ESP8266_temp_and_humidity/build/main -lmain -LZ:/USER/workspace/ESP8266_temp_and_humidity/build/mdns -lmdns -LZ:/USER/workspace/ESP8266_temp_and_humidity/build/mqtt -lmqtt -LZ:/USER/workspace/ESP8266_temp_and_humidity/build/newlib C:/Users/USER/ESP8266/ESP8266_RTOS_SDK_v3.1/components/newlib/newlib/lib/libc_nano.a C:/Users/USER/ESP8266/ESP8266_RTOS_SDK_v3.1/components/newlib/newlib/lib/libm.a -lnewlib -LZ:/USER/workspace/ESP8266_temp_and_humidity/build/nvs_flash -lnvs_flash -LZ:/USER/workspace/ESP8266_temp_and_humidity/build/ota -lota -LZ:/USER/workspace/ESP8266_temp_and_humidity/build/pthread -lpthread -LZ:/USER/workspace/ESP8266_temp_and_humidity/build/sht21 -lsht21 -LZ:/USER/workspace/ESP8266_temp_and_humidity/build/smartconfig_ack -lsmartconfig_ack -LZ:/USER/workspace/ESP8266_temp_and_humidity/build/spi_flash -lspi_flash -LZ:/USER/workspace/ESP8266_temp_and_humidity/build/spiffs -lspiffs -LZ:/USER/workspace/ESP8266_temp_and_humidity/build/ssl -lssl -LZ:/USER/workspace/ESP8266_temp_and_humidity/build/tcpip_adapter -ltcpip_adapter -LZ:/USER/workspace/ESP8266_temp_and_humidity/build/util -lutil -LZ:/USER/workspace/ESP8266_temp_and_humidity/build/vfs -lvfs -LZ:/USER/workspace/ESP8266_temp_and_humidity/build/wpa_supplicant -lwpa_supplicant -lgcc -lstdc++ -lgcov -Wl,--end-group -Wl,-EL -o Z:/USER/workspace/ESP8266_temp_and_humidity/build/ESP8266_temp_and_humidity.elf -Wl,-Map=Z:/USER/workspace/ESP8266_temp_and_humidity/build/ESP8266_temp_and_humidity.map
python C:/Users/USER/ESP8266/ESP8266_RTOS_SDK_v3.1/components/esptool_py/esptool/esptool.py --chip esp8266 elf2image --flash_mode "dio" --flash_freq "40m" --flash_size "4MB" --version=3 -o Z:/USER/workspace/ESP8266_temp_and_humidity/build/ESP8266_temp_and_humidity.bin Z:/USER/workspace/ESP8266_temp_and_humidity/build/ESP8266_temp_and_humidity.elf
esptool.py v2.4.0
Flashing binaries to serial port COM7 (app at offset 0x10000 )...
python C:/Users/USER/ESP8266/ESP8266_RTOS_SDK_v3.1/components/esptool_py/esptool/esptool.py --chip esp8266 --port COM7 --baud 115200 --before "default_reset" --after "hard_reset" write_flash -u --flash_mode "dio" --flash_freq "40m" --flash_size "4MB" 0x0000 Z:/USER/workspace/ESP8266_temp_and_humidity/build/bootloader/bootloader.bin 0x10000  Z:/USER/workspace/ESP8266_temp_and_humidity/build/ESP8266_temp_and_humidity.bin 0x8000 Z:/USER/workspace/ESP8266_temp_and_humidity/build/partitions_singleapp.bin
esptool.py v2.4.0

19:06:48 Build Finished (took 9s.42ms)

