02:43:50 **** Incremental Build of configuration all for project ESP8266_temp_and_humidity ****
python C:/Users/USER/ESP8266/ESP8266_RTOS_SDK_v3.1/tools/windows/eclipse_make.py all 
Running make in 'Z:/USER/workspace/ESP8266_temp_and_humidity'
including C:/Users/USER/ESP8266/ESP8266_RTOS_SDK_v3.1/components/app_update/Makefile.projbuild...
including C:/Users/USER/ESP8266/ESP8266_RTOS_SDK_v3.1/components/bootloader/Makefile.projbuild...
including C:/Users/USER/ESP8266/ESP8266_RTOS_SDK_v3.1/components/bootloader_support/Makefile.projbuild...
including C:/Users/USER/ESP8266/ESP8266_RTOS_SDK_v3.1/components/coap/Makefile.projbuild...
including C:/Users/USER/ESP8266/ESP8266_RTOS_SDK_v3.1/components/esp8266/Makefile.projbuild...
including C:/Users/USER/ESP8266/ESP8266_RTOS_SDK_v3.1/components/esptool_py/Makefile.projbuild...
including C:/Users/USER/ESP8266/ESP8266_RTOS_SDK_v3.1/components/mqtt/Makefile.projbuild...
including C:/Users/USER/ESP8266/ESP8266_RTOS_SDK_v3.1/components/newlib/Makefile.projbuild...
including C:/Users/USER/ESP8266/ESP8266_RTOS_SDK_v3.1/components/partition_table/Makefile.projbuild...
including C:/Users/USER/ESP8266/ESP8266_RTOS_SDK_v3.1/components/ssl/Makefile.projbuild...
PROJECT_PATH= COMPONENT_DIRS= make -C C:/Users/USER/ESP8266/ESP8266_RTOS_SDK_v3.1/components/bootloader/subproject V=1 BUILD_DIR_BASE=Z:/USER/workspace/ESP8266_temp_and_humidity/build/bootloader TEST_COMPONENTS= TESTS_ALL= Z:/USER/workspace/ESP8266_temp_and_humidity/build/bootloader/bootloader.bin
make[1]: Entering directory 'C:/Users/USER/ESP8266/ESP8266_RTOS_SDK_v3.1/components/bootloader/subproject'
including C:/Users/USER/ESP8266/ESP8266_RTOS_SDK_v3.1/components/esptool_py/Makefile.projbuild...
including C:/Users/USER/ESP8266/ESP8266_RTOS_SDK_v3.1/components/bootloader_support/Makefile.projbuild...
including C:/Users/USER/ESP8266/ESP8266_RTOS_SDK_v3.1/components/esp8266/Makefile.projbuild...
make -C Z:/USER/workspace/ESP8266_temp_and_humidity/build/bootloader/main -f C:/Users/USER/ESP8266/ESP8266_RTOS_SDK_v3.1/make/component_wrapper.mk COMPONENT_MAKEFILE=C:/Users/USER/ESP8266/ESP8266_RTOS_SDK_v3.1/components/bootloader/subproject/main/component.mk COMPONENT_NAME=main build
make[2]: Entering directory 'Z:/USER/workspace/ESP8266_temp_and_humidity/build/bootloader/main'
make[2]: Nothing to be done for 'build'.
make[2]: Leaving directory 'Z:/USER/workspace/ESP8266_temp_and_humidity/build/bootloader/main'
Target 'component-main-build' responsible for 'Z:/USER/workspace/ESP8266_temp_and_humidity/build/bootloader/main/libmain.a'
make -C Z:/USER/workspace/ESP8266_temp_and_humidity/build/bootloader/bootloader_support -f C:/Users/USER/ESP8266/ESP8266_RTOS_SDK_v3.1/make/component_wrapper.mk COMPONENT_MAKEFILE=C:/Users/USER/ESP8266/ESP8266_RTOS_SDK_v3.1/components/bootloader_support/component.mk COMPONENT_NAME=bootloader_support build
make[2]: Entering directory 'Z:/USER/workspace/ESP8266_temp_and_humidity/build/bootloader/bootloader_support'
make[2]: Nothing to be done for 'build'.
make[2]: Leaving directory 'Z:/USER/workspace/ESP8266_temp_and_humidity/build/bootloader/bootloader_support'
Target 'component-bootloader_support-build' responsible for 'Z:/USER/workspace/ESP8266_temp_and_humidity/build/bootloader/bootloader_support/libbootloader_support.a'
make -C Z:/USER/workspace/ESP8266_temp_and_humidity/build/bootloader/spi_flash -f C:/Users/USER/ESP8266/ESP8266_RTOS_SDK_v3.1/make/component_wrapper.mk COMPONENT_MAKEFILE=C:/Users/USER/ESP8266/ESP8266_RTOS_SDK_v3.1/components/spi_flash/component.mk COMPONENT_NAME=spi_flash build
make[2]: Entering directory 'Z:/USER/workspace/ESP8266_temp_and_humidity/build/bootloader/spi_flash'
make[2]: Nothing to be done for 'build'.
make[2]: Leaving directory 'Z:/USER/workspace/ESP8266_temp_and_humidity/build/bootloader/spi_flash'
Target 'component-spi_flash-build' responsible for 'Z:/USER/workspace/ESP8266_temp_and_humidity/build/bootloader/spi_flash/libspi_flash.a'
make -C Z:/USER/workspace/ESP8266_temp_and_humidity/build/bootloader/log -f C:/Users/USER/ESP8266/ESP8266_RTOS_SDK_v3.1/make/component_wrapper.mk COMPONENT_MAKEFILE=C:/Users/USER/ESP8266/ESP8266_RTOS_SDK_v3.1/components/log/component.mk COMPONENT_NAME=log build
make[2]: Entering directory 'Z:/USER/workspace/ESP8266_temp_and_humidity/build/bootloader/log'
make[2]: Nothing to be done for 'build'.
make[2]: Leaving directory 'Z:/USER/workspace/ESP8266_temp_and_humidity/build/bootloader/log'
Target 'component-log-build' responsible for 'Z:/USER/workspace/ESP8266_temp_and_humidity/build/bootloader/log/liblog.a'
make -C Z:/USER/workspace/ESP8266_temp_and_humidity/build/bootloader/esp8266 -f C:/Users/USER/ESP8266/ESP8266_RTOS_SDK_v3.1/make/component_wrapper.mk COMPONENT_MAKEFILE=C:/Users/USER/ESP8266/ESP8266_RTOS_SDK_v3.1/components/esp8266/component.mk COMPONENT_NAME=esp8266 build
make[2]: Entering directory 'Z:/USER/workspace/ESP8266_temp_and_humidity/build/bootloader/esp8266'
make[2]: Nothing to be done for 'build'.
make[2]: Leaving directory 'Z:/USER/workspace/ESP8266_temp_and_humidity/build/bootloader/esp8266'
Target 'component-esp8266-build' responsible for 'Z:/USER/workspace/ESP8266_temp_and_humidity/build/bootloader/esp8266/libesp8266.a'
make -C Z:/USER/workspace/ESP8266_temp_and_humidity/build/bootloader/util -f C:/Users/USER/ESP8266/ESP8266_RTOS_SDK_v3.1/make/component_wrapper.mk COMPONENT_MAKEFILE=C:/Users/USER/ESP8266/ESP8266_RTOS_SDK_v3.1/components/util/component.mk COMPONENT_NAME=util build
make[2]: Entering directory 'Z:/USER/workspace/ESP8266_temp_and_humidity/build/bootloader/util'
make[2]: Nothing to be done for 'build'.
make[2]: Leaving directory 'Z:/USER/workspace/ESP8266_temp_and_humidity/build/bootloader/util'
Target 'component-util-build' responsible for 'Z:/USER/workspace/ESP8266_temp_and_humidity/build/bootloader/util/libutil.a'
make[1]: Leaving directory 'C:/Users/USER/ESP8266/ESP8266_RTOS_SDK_v3.1/components/bootloader/subproject'
make -C Z:/USER/workspace/ESP8266_temp_and_humidity/build/app_update -f C:/Users/USER/ESP8266/ESP8266_RTOS_SDK_v3.1/make/component_wrapper.mk COMPONENT_MAKEFILE=C:/Users/USER/ESP8266/ESP8266_RTOS_SDK_v3.1/components/app_update/component.mk COMPONENT_NAME=app_update build
make[1]: Entering directory 'Z:/USER/workspace/ESP8266_temp_and_humidity/build/app_update'
make[1]: Nothing to be done for 'build'.
make[1]: Leaving directory 'Z:/USER/workspace/ESP8266_temp_and_humidity/build/app_update'
Target 'component-app_update-build' responsible for 'Z:/USER/workspace/ESP8266_temp_and_humidity/build/app_update/libapp_update.a'
make -C Z:/USER/workspace/ESP8266_temp_and_humidity/build/aws_iot -f C:/Users/USER/ESP8266/ESP8266_RTOS_SDK_v3.1/make/component_wrapper.mk COMPONENT_MAKEFILE=C:/Users/USER/ESP8266/ESP8266_RTOS_SDK_v3.1/components/aws_iot/component.mk COMPONENT_NAME=aws_iot build
make[1]: Entering directory 'Z:/USER/workspace/ESP8266_temp_and_humidity/build/aws_iot'
make[1]: Nothing to be done for 'build'.
make[1]: Leaving directory 'Z:/USER/workspace/ESP8266_temp_and_humidity/build/aws_iot'
Target 'component-aws_iot-build' responsible for 'Z:/USER/workspace/ESP8266_temp_and_humidity/build/aws_iot/libaws_iot.a'
make -C Z:/USER/workspace/ESP8266_temp_and_humidity/build/bootloader_support -f C:/Users/USER/ESP8266/ESP8266_RTOS_SDK_v3.1/make/component_wrapper.mk COMPONENT_MAKEFILE=C:/Users/USER/ESP8266/ESP8266_RTOS_SDK_v3.1/components/bootloader_support/component.mk COMPONENT_NAME=bootloader_support build
make[1]: Entering directory 'Z:/USER/workspace/ESP8266_temp_and_humidity/build/bootloader_support'
make[1]: Nothing to be done for 'build'.
make[1]: Leaving directory 'Z:/USER/workspace/ESP8266_temp_and_humidity/build/bootloader_support'
Target 'component-bootloader_support-build' responsible for 'Z:/USER/workspace/ESP8266_temp_and_humidity/build/bootloader_support/libbootloader_support.a'
make -C Z:/USER/workspace/ESP8266_temp_and_humidity/build/cjson -f C:/Users/USER/ESP8266/ESP8266_RTOS_SDK_v3.1/make/component_wrapper.mk COMPONENT_MAKEFILE=C:/Users/USER/ESP8266/ESP8266_RTOS_SDK_v3.1/components/cjson/component.mk COMPONENT_NAME=cjson build
make[1]: Entering directory 'Z:/USER/workspace/ESP8266_temp_and_humidity/build/cjson'
make[1]: Nothing to be done for 'build'.
make[1]: Leaving directory 'Z:/USER/workspace/ESP8266_temp_and_humidity/build/cjson'
Target 'component-cjson-build' responsible for 'Z:/USER/workspace/ESP8266_temp_and_humidity/build/cjson/libcjson.a'
make -C Z:/USER/workspace/ESP8266_temp_and_humidity/build/coap -f C:/Users/USER/ESP8266/ESP8266_RTOS_SDK_v3.1/make/component_wrapper.mk COMPONENT_MAKEFILE=C:/Users/USER/ESP8266/ESP8266_RTOS_SDK_v3.1/components/coap/component.mk COMPONENT_NAME=coap build
make[1]: Entering directory 'Z:/USER/workspace/ESP8266_temp_and_humidity/build/coap'
make[1]: Nothing to be done for 'build'.
make[1]: Leaving directory 'Z:/USER/workspace/ESP8266_temp_and_humidity/build/coap'
Target 'component-coap-build' responsible for 'Z:/USER/workspace/ESP8266_temp_and_humidity/build/coap/libcoap.a'
make -C Z:/USER/workspace/ESP8266_temp_and_humidity/build/components -f C:/Users/USER/ESP8266/ESP8266_RTOS_SDK_v3.1/make/component_wrapper.mk COMPONENT_MAKEFILE=Z:/USER/workspace/ESP8266_temp_and_humidity/components/component.mk COMPONENT_NAME=components build
make[1]: Entering directory 'Z:/USER/workspace/ESP8266_temp_and_humidity/build/components'
make[1]: Nothing to be done for 'build'.
make[1]: Leaving directory 'Z:/USER/workspace/ESP8266_temp_and_humidity/build/components'
Target 'component-components-build' responsible for 'Z:/USER/workspace/ESP8266_temp_and_humidity/build/components/libcomponents.a'
make -C Z:/USER/workspace/ESP8266_temp_and_humidity/build/esp-tls -f C:/Users/USER/ESP8266/ESP8266_RTOS_SDK_v3.1/make/component_wrapper.mk COMPONENT_MAKEFILE=C:/Users/USER/ESP8266/ESP8266_RTOS_SDK_v3.1/components/esp-tls/component.mk COMPONENT_NAME=esp-tls build
make[1]: Entering directory 'Z:/USER/workspace/ESP8266_temp_and_humidity/build/esp-tls'
make[1]: Nothing to be done for 'build'.
make[1]: Leaving directory 'Z:/USER/workspace/ESP8266_temp_and_humidity/build/esp-tls'
Target 'component-esp-tls-build' responsible for 'Z:/USER/workspace/ESP8266_temp_and_humidity/build/esp-tls/libesp-tls.a'
make -C Z:/USER/workspace/ESP8266_temp_and_humidity/build/esp8266 -f C:/Users/USER/ESP8266/ESP8266_RTOS_SDK_v3.1/make/component_wrapper.mk COMPONENT_MAKEFILE=C:/Users/USER/ESP8266/ESP8266_RTOS_SDK_v3.1/components/esp8266/component.mk COMPONENT_NAME=esp8266 build
make[1]: Entering directory 'Z:/USER/workspace/ESP8266_temp_and_humidity/build/esp8266'
make[1]: Nothing to be done for 'build'.
make[1]: Leaving directory 'Z:/USER/workspace/ESP8266_temp_and_humidity/build/esp8266'
Target 'component-esp8266-build' responsible for 'Z:/USER/workspace/ESP8266_temp_and_humidity/build/esp8266/libesp8266.a'
make -C Z:/USER/workspace/ESP8266_temp_and_humidity/build/espos -f C:/Users/USER/ESP8266/ESP8266_RTOS_SDK_v3.1/make/component_wrapper.mk COMPONENT_MAKEFILE=C:/Users/USER/ESP8266/ESP8266_RTOS_SDK_v3.1/components/espos/component.mk COMPONENT_NAME=espos build
make[1]: Entering directory 'Z:/USER/workspace/ESP8266_temp_and_humidity/build/espos'
make[1]: Nothing to be done for 'build'.
make[1]: Leaving directory 'Z:/USER/workspace/ESP8266_temp_and_humidity/build/espos'
Target 'component-espos-build' responsible for 'Z:/USER/workspace/ESP8266_temp_and_humidity/build/espos/libespos.a'
make -C Z:/USER/workspace/ESP8266_temp_and_humidity/build/freertos -f C:/Users/USER/ESP8266/ESP8266_RTOS_SDK_v3.1/make/component_wrapper.mk COMPONENT_MAKEFILE=C:/Users/USER/ESP8266/ESP8266_RTOS_SDK_v3.1/components/freertos/component.mk COMPONENT_NAME=freertos build
make[1]: Entering directory 'Z:/USER/workspace/ESP8266_temp_and_humidity/build/freertos'
make[1]: Nothing to be done for 'build'.
make[1]: Leaving directory 'Z:/USER/workspace/ESP8266_temp_and_humidity/build/freertos'
Target 'component-freertos-build' responsible for 'Z:/USER/workspace/ESP8266_temp_and_humidity/build/freertos/libfreertos.a'
make -C Z:/USER/workspace/ESP8266_temp_and_humidity/build/heap -f C:/Users/USER/ESP8266/ESP8266_RTOS_SDK_v3.1/make/component_wrapper.mk COMPONENT_MAKEFILE=C:/Users/USER/ESP8266/ESP8266_RTOS_SDK_v3.1/components/heap/component.mk COMPONENT_NAME=heap build
make[1]: Entering directory 'Z:/USER/workspace/ESP8266_temp_and_humidity/build/heap'
make[1]: Nothing to be done for 'build'.
make[1]: Leaving directory 'Z:/USER/workspace/ESP8266_temp_and_humidity/build/heap'
Target 'component-heap-build' responsible for 'Z:/USER/workspace/ESP8266_temp_and_humidity/build/heap/libheap.a'
make -C Z:/USER/workspace/ESP8266_temp_and_humidity/build/jsmn -f C:/Users/USER/ESP8266/ESP8266_RTOS_SDK_v3.1/make/component_wrapper.mk COMPONENT_MAKEFILE=C:/Users/USER/ESP8266/ESP8266_RTOS_SDK_v3.1/components/jsmn/component.mk COMPONENT_NAME=jsmn build
make[1]: Entering directory 'Z:/USER/workspace/ESP8266_temp_and_humidity/build/jsmn'
make[1]: Nothing to be done for 'build'.
make[1]: Leaving directory 'Z:/USER/workspace/ESP8266_temp_and_humidity/build/jsmn'
Target 'component-jsmn-build' responsible for 'Z:/USER/workspace/ESP8266_temp_and_humidity/build/jsmn/libjsmn.a'
make -C Z:/USER/workspace/ESP8266_temp_and_humidity/build/libsodium -f C:/Users/USER/ESP8266/ESP8266_RTOS_SDK_v3.1/make/component_wrapper.mk COMPONENT_MAKEFILE=C:/Users/USER/ESP8266/ESP8266_RTOS_SDK_v3.1/components/libsodium/component.mk COMPONENT_NAME=libsodium build
make[1]: Entering directory 'Z:/USER/workspace/ESP8266_temp_and_humidity/build/libsodium'
make[1]: Nothing to be done for 'build'.
make[1]: Leaving directory 'Z:/USER/workspace/ESP8266_temp_and_humidity/build/libsodium'
Target 'component-libsodium-build' responsible for 'Z:/USER/workspace/ESP8266_temp_and_humidity/build/libsodium/liblibsodium.a'
make -C Z:/USER/workspace/ESP8266_temp_and_humidity/build/log -f C:/Users/USER/ESP8266/ESP8266_RTOS_SDK_v3.1/make/component_wrapper.mk COMPONENT_MAKEFILE=C:/Users/USER/ESP8266/ESP8266_RTOS_SDK_v3.1/components/log/component.mk COMPONENT_NAME=log build
make[1]: Entering directory 'Z:/USER/workspace/ESP8266_temp_and_humidity/build/log'
make[1]: Nothing to be done for 'build'.
make[1]: Leaving directory 'Z:/USER/workspace/ESP8266_temp_and_humidity/build/log'
Target 'component-log-build' responsible for 'Z:/USER/workspace/ESP8266_temp_and_humidity/build/log/liblog.a'
make -C Z:/USER/workspace/ESP8266_temp_and_humidity/build/lwip -f C:/Users/USER/ESP8266/ESP8266_RTOS_SDK_v3.1/make/component_wrapper.mk COMPONENT_MAKEFILE=C:/Users/USER/ESP8266/ESP8266_RTOS_SDK_v3.1/components/lwip/component.mk COMPONENT_NAME=lwip build
make[1]: Entering directory 'Z:/USER/workspace/ESP8266_temp_and_humidity/build/lwip'
make[1]: Nothing to be done for 'build'.
make[1]: Leaving directory 'Z:/USER/workspace/ESP8266_temp_and_humidity/build/lwip'
Target 'component-lwip-build' responsible for 'Z:/USER/workspace/ESP8266_temp_and_humidity/build/lwip/liblwip.a'
make -C Z:/USER/workspace/ESP8266_temp_and_humidity/build/main -f C:/Users/USER/ESP8266/ESP8266_RTOS_SDK_v3.1/make/component_wrapper.mk COMPONENT_MAKEFILE=Z:/USER/workspace/ESP8266_temp_and_humidity/main/component.mk COMPONENT_NAME=main build
make[1]: Entering directory 'Z:/USER/workspace/ESP8266_temp_and_humidity/build/main'
make[1]: Nothing to be done for 'build'.
make[1]: Leaving directory 'Z:/USER/workspace/ESP8266_temp_and_humidity/build/main'
Target 'component-main-build' responsible for 'Z:/USER/workspace/ESP8266_temp_and_humidity/build/main/libmain.a'
make -C Z:/USER/workspace/ESP8266_temp_and_humidity/build/mdns -f C:/Users/USER/ESP8266/ESP8266_RTOS_SDK_v3.1/make/component_wrapper.mk COMPONENT_MAKEFILE=C:/Users/USER/ESP8266/ESP8266_RTOS_SDK_v3.1/components/mdns/component.mk COMPONENT_NAME=mdns build
make[1]: Entering directory 'Z:/USER/workspace/ESP8266_temp_and_humidity/build/mdns'
make[1]: Nothing to be done for 'build'.
make[1]: Leaving directory 'Z:/USER/workspace/ESP8266_temp_and_humidity/build/mdns'
Target 'component-mdns-build' responsible for 'Z:/USER/workspace/ESP8266_temp_and_humidity/build/mdns/libmdns.a'
make -C Z:/USER/workspace/ESP8266_temp_and_humidity/build/mqtt -f C:/Users/USER/ESP8266/ESP8266_RTOS_SDK_v3.1/make/component_wrapper.mk COMPONENT_MAKEFILE=C:/Users/USER/ESP8266/ESP8266_RTOS_SDK_v3.1/components/mqtt/component.mk COMPONENT_NAME=mqtt build
make[1]: Entering directory 'Z:/USER/workspace/ESP8266_temp_and_humidity/build/mqtt'
make[1]: Nothing to be done for 'build'.
make[1]: Leaving directory 'Z:/USER/workspace/ESP8266_temp_and_humidity/build/mqtt'
Target 'component-mqtt-build' responsible for 'Z:/USER/workspace/ESP8266_temp_and_humidity/build/mqtt/libmqtt.a'
make -C Z:/USER/workspace/ESP8266_temp_and_humidity/build/newlib -f C:/Users/USER/ESP8266/ESP8266_RTOS_SDK_v3.1/make/component_wrapper.mk COMPONENT_MAKEFILE=C:/Users/USER/ESP8266/ESP8266_RTOS_SDK_v3.1/components/newlib/component.mk COMPONENT_NAME=newlib build
make[1]: Entering directory 'Z:/USER/workspace/ESP8266_temp_and_humidity/build/newlib'
make[1]: Nothing to be done for 'build'.
make[1]: Leaving directory 'Z:/USER/workspace/ESP8266_temp_and_humidity/build/newlib'
Target 'component-newlib-build' responsible for 'Z:/USER/workspace/ESP8266_temp_and_humidity/build/newlib/libnewlib.a'
make -C Z:/USER/workspace/ESP8266_temp_and_humidity/build/nvs_flash -f C:/Users/USER/ESP8266/ESP8266_RTOS_SDK_v3.1/make/component_wrapper.mk COMPONENT_MAKEFILE=C:/Users/USER/ESP8266/ESP8266_RTOS_SDK_v3.1/components/nvs_flash/component.mk COMPONENT_NAME=nvs_flash build
make[1]: Entering directory 'Z:/USER/workspace/ESP8266_temp_and_humidity/build/nvs_flash'
make[1]: Nothing to be done for 'build'.
make[1]: Leaving directory 'Z:/USER/workspace/ESP8266_temp_and_humidity/build/nvs_flash'
Target 'component-nvs_flash-build' responsible for 'Z:/USER/workspace/ESP8266_temp_and_humidity/build/nvs_flash/libnvs_flash.a'
make -C Z:/USER/workspace/ESP8266_temp_and_humidity/build/ota -f C:/Users/USER/ESP8266/ESP8266_RTOS_SDK_v3.1/make/component_wrapper.mk COMPONENT_MAKEFILE=Z:/USER/workspace/ESP8266_temp_and_humidity/components/ota/component.mk COMPONENT_NAME=ota build
make[1]: Entering directory 'Z:/USER/workspace/ESP8266_temp_and_humidity/build/ota'
make[1]: Nothing to be done for 'build'.
make[1]: Leaving directory 'Z:/USER/workspace/ESP8266_temp_and_humidity/build/ota'
Target 'component-ota-build' responsible for 'Z:/USER/workspace/ESP8266_temp_and_humidity/build/ota/libota.a'
make -C Z:/USER/workspace/ESP8266_temp_and_humidity/build/pthread -f C:/Users/USER/ESP8266/ESP8266_RTOS_SDK_v3.1/make/component_wrapper.mk COMPONENT_MAKEFILE=C:/Users/USER/ESP8266/ESP8266_RTOS_SDK_v3.1/components/pthread/component.mk COMPONENT_NAME=pthread build
make[1]: Entering directory 'Z:/USER/workspace/ESP8266_temp_and_humidity/build/pthread'
make[1]: Nothing to be done for 'build'.
make[1]: Leaving directory 'Z:/USER/workspace/ESP8266_temp_and_humidity/build/pthread'
Target 'component-pthread-build' responsible for 'Z:/USER/workspace/ESP8266_temp_and_humidity/build/pthread/libpthread.a'
make -C Z:/USER/workspace/ESP8266_temp_and_humidity/build/sht21 -f C:/Users/USER/ESP8266/ESP8266_RTOS_SDK_v3.1/make/component_wrapper.mk COMPONENT_MAKEFILE=Z:/USER/workspace/ESP8266_temp_and_humidity/components/sht21/component.mk COMPONENT_NAME=sht21 build
make[1]: Entering directory 'Z:/USER/workspace/ESP8266_temp_and_humidity/build/sht21'
make[1]: Nothing to be done for 'build'.
make[1]: Leaving directory 'Z:/USER/workspace/ESP8266_temp_and_humidity/build/sht21'
Target 'component-sht21-build' responsible for 'Z:/USER/workspace/ESP8266_temp_and_humidity/build/sht21/libsht21.a'
make -C Z:/USER/workspace/ESP8266_temp_and_humidity/build/smartconfig_ack -f C:/Users/USER/ESP8266/ESP8266_RTOS_SDK_v3.1/make/component_wrapper.mk COMPONENT_MAKEFILE=C:/Users/USER/ESP8266/ESP8266_RTOS_SDK_v3.1/components/smartconfig_ack/component.mk COMPONENT_NAME=smartconfig_ack build
make[1]: Entering directory 'Z:/USER/workspace/ESP8266_temp_and_humidity/build/smartconfig_ack'
make[1]: Nothing to be done for 'build'.
make[1]: Leaving directory 'Z:/USER/workspace/ESP8266_temp_and_humidity/build/smartconfig_ack'
Target 'component-smartconfig_ack-build' responsible for 'Z:/USER/workspace/ESP8266_temp_and_humidity/build/smartconfig_ack/libsmartconfig_ack.a'
make -C Z:/USER/workspace/ESP8266_temp_and_humidity/build/spi_flash -f C:/Users/USER/ESP8266/ESP8266_RTOS_SDK_v3.1/make/component_wrapper.mk COMPONENT_MAKEFILE=C:/Users/USER/ESP8266/ESP8266_RTOS_SDK_v3.1/components/spi_flash/component.mk COMPONENT_NAME=spi_flash build
make[1]: Entering directory 'Z:/USER/workspace/ESP8266_temp_and_humidity/build/spi_flash'
make[1]: Nothing to be done for 'build'.
make[1]: Leaving directory 'Z:/USER/workspace/ESP8266_temp_and_humidity/build/spi_flash'
Target 'component-spi_flash-build' responsible for 'Z:/USER/workspace/ESP8266_temp_and_humidity/build/spi_flash/libspi_flash.a'
make -C Z:/USER/workspace/ESP8266_temp_and_humidity/build/spiffs -f C:/Users/USER/ESP8266/ESP8266_RTOS_SDK_v3.1/make/component_wrapper.mk COMPONENT_MAKEFILE=C:/Users/USER/ESP8266/ESP8266_RTOS_SDK_v3.1/components/spiffs/component.mk COMPONENT_NAME=spiffs build
make[1]: Entering directory 'Z:/USER/workspace/ESP8266_temp_and_humidity/build/spiffs'
make[1]: Nothing to be done for 'build'.
make[1]: Leaving directory 'Z:/USER/workspace/ESP8266_temp_and_humidity/build/spiffs'
Target 'component-spiffs-build' responsible for 'Z:/USER/workspace/ESP8266_temp_and_humidity/build/spiffs/libspiffs.a'
make -C Z:/USER/workspace/ESP8266_temp_and_humidity/build/ssl -f C:/Users/USER/ESP8266/ESP8266_RTOS_SDK_v3.1/make/component_wrapper.mk COMPONENT_MAKEFILE=C:/Users/USER/ESP8266/ESP8266_RTOS_SDK_v3.1/components/ssl/component.mk COMPONENT_NAME=ssl build
make[1]: Entering directory 'Z:/USER/workspace/ESP8266_temp_and_humidity/build/ssl'
make[1]: Nothing to be done for 'build'.
make[1]: Leaving directory 'Z:/USER/workspace/ESP8266_temp_and_humidity/build/ssl'
Target 'component-ssl-build' responsible for 'Z:/USER/workspace/ESP8266_temp_and_humidity/build/ssl/libssl.a'
make -C Z:/USER/workspace/ESP8266_temp_and_humidity/build/tcpip_adapter -f C:/Users/USER/ESP8266/ESP8266_RTOS_SDK_v3.1/make/component_wrapper.mk COMPONENT_MAKEFILE=C:/Users/USER/ESP8266/ESP8266_RTOS_SDK_v3.1/components/tcpip_adapter/component.mk COMPONENT_NAME=tcpip_adapter build
make[1]: Entering directory 'Z:/USER/workspace/ESP8266_temp_and_humidity/build/tcpip_adapter'
make[1]: Nothing to be done for 'build'.
make[1]: Leaving directory 'Z:/USER/workspace/ESP8266_temp_and_humidity/build/tcpip_adapter'
Target 'component-tcpip_adapter-build' responsible for 'Z:/USER/workspace/ESP8266_temp_and_humidity/build/tcpip_adapter/libtcpip_adapter.a'
make -C Z:/USER/workspace/ESP8266_temp_and_humidity/build/util -f C:/Users/USER/ESP8266/ESP8266_RTOS_SDK_v3.1/make/component_wrapper.mk COMPONENT_MAKEFILE=C:/Users/USER/ESP8266/ESP8266_RTOS_SDK_v3.1/components/util/component.mk COMPONENT_NAME=util build
make[1]: Entering directory 'Z:/USER/workspace/ESP8266_temp_and_humidity/build/util'
make[1]: Nothing to be done for 'build'.
make[1]: Leaving directory 'Z:/USER/workspace/ESP8266_temp_and_humidity/build/util'
Target 'component-util-build' responsible for 'Z:/USER/workspace/ESP8266_temp_and_humidity/build/util/libutil.a'
make -C Z:/USER/workspace/ESP8266_temp_and_humidity/build/vfs -f C:/Users/USER/ESP8266/ESP8266_RTOS_SDK_v3.1/make/component_wrapper.mk COMPONENT_MAKEFILE=C:/Users/USER/ESP8266/ESP8266_RTOS_SDK_v3.1/components/vfs/component.mk COMPONENT_NAME=vfs build
make[1]: Entering directory 'Z:/USER/workspace/ESP8266_temp_and_humidity/build/vfs'
make[1]: Nothing to be done for 'build'.
make[1]: Leaving directory 'Z:/USER/workspace/ESP8266_temp_and_humidity/build/vfs'
Target 'component-vfs-build' responsible for 'Z:/USER/workspace/ESP8266_temp_and_humidity/build/vfs/libvfs.a'
make -C Z:/USER/workspace/ESP8266_temp_and_humidity/build/wpa_supplicant -f C:/Users/USER/ESP8266/ESP8266_RTOS_SDK_v3.1/make/component_wrapper.mk COMPONENT_MAKEFILE=C:/Users/USER/ESP8266/ESP8266_RTOS_SDK_v3.1/components/wpa_supplicant/component.mk COMPONENT_NAME=wpa_supplicant build
make[1]: Entering directory 'Z:/USER/workspace/ESP8266_temp_and_humidity/build/wpa_supplicant'
make[1]: Nothing to be done for 'build'.
make[1]: Leaving directory 'Z:/USER/workspace/ESP8266_temp_and_humidity/build/wpa_supplicant'
Target 'component-wpa_supplicant-build' responsible for 'Z:/USER/workspace/ESP8266_temp_and_humidity/build/wpa_supplicant/libwpa_supplicant.a'
To flash all build output, run 'make flash' or:
python C:/Users/USER/ESP8266/ESP8266_RTOS_SDK_v3.1/components/esptool_py/esptool/esptool.py --chip esp8266 --port COM7 --baud 115200 --before default_reset --after hard_reset write_flash -u --flash_mode dio --flash_freq 40m --flash_size 4MB 0x0000 Z:/USER/workspace/ESP8266_temp_and_humidity/build/bootloader/bootloader.bin 0x10000 Z:/USER/workspace/ESP8266_temp_and_humidity/build/ESP8266_temp_and_humidity.bin 0x8000 Z:/USER/workspace/ESP8266_temp_and_humidity/build/partitions_singleapp.bin
